2023.02.09 06:14:08 INFO  tracing is disabled for protocol LSP, to enable tracing of incoming and outgoing JSON messages create an empty file at /home/philip/rust-programming/design_patterns/behaviour/visitor_java/.metals/lsp.trace.json or /home/philip/.cache/metals/lsp.trace.json[0m
2023.02.09 06:14:11 INFO  logging to file /home/philip/rust-programming/design_patterns/behaviour/visitor_java/.metals/metals.log[0m
2023.02.09 06:14:11 INFO  Started: Metals version 0.11.10 in workspace '/home/philip/rust-programming/design_patterns/behaviour/visitor_java' for client Visual Studio Code 1.75.0.[0m
SLF4J: No SLF4J providers were found.
SLF4J: Defaulting to no-operation (NOP) logger implementation
SLF4J: See https://www.slf4j.org/codes.html#noProviders for further details.
SLF4J: Class path contains SLF4J bindings targeting slf4j-api versions 1.7.x or earlier.
SLF4J: Ignoring binding found at [jar:file:/home/philip/.cache/coursier/v1/https/repo1.maven.org/maven2/com/outr/scribe-slf4j_2.13/3.10.5/scribe-slf4j_2.13-3.10.5.jar!/org/slf4j/impl/StaticLoggerBinder.class]
SLF4J: See https://www.slf4j.org/codes.html#ignoredBindings for an explanation.
2023.02.09 06:14:15 INFO  time: initialize in 3.57s[0m
2023.02.09 06:14:18 WARN  Build server is not auto-connectable.[0m
2023.02.09 06:14:19 WARN  no build target for: /home/philip/rust-programming/design_patterns/behaviour/visitor_java/src/main/java/com/example/App.java[0m
2023.02.09 06:14:21 INFO  time: code lens generation in 2.04s[0m
2023.02.09 06:14:56 WARN  no build target for: /home/philip/rust-programming/design_patterns/behaviour/visitor_java/src/main/java/com/example/App.java[0m
2023.02.09 06:26:32 WARN  no build target for: /home/philip/rust-programming/design_patterns/behaviour/visitor_java/src/main/java/com/example/Interface.java[0m
2023.02.09 06:26:33 WARN  no build target for: /home/philip/rust-programming/design_patterns/behaviour/visitor_java/src/main/java/com/example/Interface.java[0m
2023.02.09 06:26:36 WARN  no build target for: /home/philip/rust-programming/design_patterns/behaviour/visitor_java/src/main/java/com/example/Interface.java[0m
2023.02.09 06:26:44 WARN  no build target for: /home/philip/rust-programming/design_patterns/behaviour/visitor_java/src/main/java/com/example/Interface.java[0m
2023.02.09 06:26:45 WARN  Running javac-semanticdb failed for file:///home/philip/rust-programming/design_patterns/behaviour/visitor_java/src/main/java/com/example/Interface.java. Output:
/home/philip/rust-programming/design_patterns/behaviour/visitor_java/src/main/java/com/example/Interface.java:4: error: ';' expected
    void visit()
                ^
1 error[0m
2023.02.09 06:27:44 WARN  no build target for: /home/philip/rust-programming/design_patterns/behaviour/visitor_java/src/main/java/com/example/Interface.java[0m
2023.02.09 06:27:45 WARN  Running javac-semanticdb failed for file:///home/philip/rust-programming/design_patterns/behaviour/visitor_java/src/main/java/com/example/Interface.java. Output:
/home/philip/rust-programming/design_patterns/behaviour/visitor_java/src/main/java/com/example/Interface.java:4: error: ';' expected
    void visit()
                ^
1 error[0m
2023.02.09 06:27:53 WARN  no build target for: /home/philip/rust-programming/design_patterns/behaviour/visitor_java/src/main/java/com/example/Visitor.java[0m
2023.02.09 06:27:54 WARN  Running javac-semanticdb failed for file:///home/philip/rust-programming/design_patterns/behaviour/visitor_java/src/main/java/com/example/Visitor.java. Output:
/home/philip/rust-programming/design_patterns/behaviour/visitor_java/src/main/java/com/example/Visitor.java:4: error: ';' expected
    void visit()
                ^
1 error[0m
2023.02.09 06:27:57 WARN  no build target for: /home/philip/rust-programming/design_patterns/behaviour/visitor_java/src/main/java/com/example/Visitor.java[0m
2023.02.09 06:30:33 WARN  no build target for: /home/philip/rust-programming/design_patterns/behaviour/visitor_java/src/main/java/com/example/App.java[0m
2023.02.09 06:30:42 WARN  no build target for: /home/philip/rust-programming/design_patterns/behaviour/visitor_java/src/main/java/com/example/App.java[0m
2023.02.09 06:36:37 WARN  no build target for: /home/philip/rust-programming/design_patterns/behaviour/visitor_java/src/main/java/com/example/App.java[0m
2023.02.09 06:36:39 WARN  no build target for: /home/philip/rust-programming/design_patterns/behaviour/visitor_java/src/main/java/com/example/App.java[0m
2023.02.09 06:36:46 WARN  no build target for: /home/philip/rust-programming/design_patterns/behaviour/visitor_java/src/main/java/com/example/App.java[0m
2023.02.09 06:36:53 WARN  no build target for: /home/philip/rust-programming/design_patterns/behaviour/visitor_java/src/main/java/com/example/App.java[0m
2023.02.09 06:37:01 WARN  no build target for: /home/philip/rust-programming/design_patterns/behaviour/visitor_java/src/main/java/com/example/App.java[0m
2023.02.09 06:37:05 WARN  no build target for: /home/philip/rust-programming/design_patterns/behaviour/visitor_java/src/main/java/com/example/App.java[0m
2023.02.09 06:37:06 WARN  no build target for: /home/philip/rust-programming/design_patterns/behaviour/visitor_java/src/main/java/com/example/App.java[0m
2023.02.09 06:37:12 WARN  no build target for: /home/philip/rust-programming/design_patterns/behaviour/visitor_java/src/main/java/com/example/App.java[0m
2023.02.09 06:37:35 WARN  no build target for: /home/philip/rust-programming/design_patterns/behaviour/visitor_java/src/main/java/com/example/App.java[0m
2023.02.09 06:37:50 WARN  no build target for: /home/philip/rust-programming/design_patterns/behaviour/visitor_java/src/main/java/com/example/App.java[0m
2023.02.09 06:37:54 WARN  no build target for: /home/philip/rust-programming/design_patterns/behaviour/visitor_java/src/main/java/com/example/App.java[0m
2023.02.09 06:37:57 WARN  no build target for: /home/philip/rust-programming/design_patterns/behaviour/visitor_java/src/main/java/com/example/App.java[0m
2023.02.09 06:37:59 WARN  no build target for: /home/philip/rust-programming/design_patterns/behaviour/visitor_java/src/main/java/com/example/App.java[0m
2023.02.09 06:38:21 WARN  no build target for: /home/philip/rust-programming/design_patterns/behaviour/visitor_java/src/main/java/com/example/App.java[0m
2023.02.09 06:39:07 WARN  no build target for: /home/philip/rust-programming/design_patterns/behaviour/visitor_java/src/main/java/com/example/App.java[0m
2023.02.09 06:39:35 WARN  no build target for: /home/philip/rust-programming/design_patterns/behaviour/visitor_java/src/main/java/com/example/carParts/Engine.java[0m
2023.02.09 06:39:36 WARN  no build target for: /home/philip/rust-programming/design_patterns/behaviour/visitor_java/src/main/java/com/example/carParts/Engine.java[0m
2023.02.09 06:40:07 WARN  no build target for: /home/philip/rust-programming/design_patterns/behaviour/visitor_java/src/main/java/com/example/CarElement.java[0m
2023.02.09 06:40:09 WARN  no build target for: /home/philip/rust-programming/design_patterns/behaviour/visitor_java/src/main/java/com/example/CarElement.java[0m
2023.02.09 06:40:11 WARN  no build target for: /home/philip/rust-programming/design_patterns/behaviour/visitor_java/src/main/java/com/example/CarElement.java[0m
2023.02.09 06:40:12 WARN  no build target for: /home/philip/rust-programming/design_patterns/behaviour/visitor_java/src/main/java/com/example/CarElement.java[0m
2023.02.09 06:40:14 WARN  no build target for: /home/philip/rust-programming/design_patterns/behaviour/visitor_java/src/main/java/com/example/CarElement.java[0m
2023.02.09 06:40:17 WARN  no build target for: /home/philip/rust-programming/design_patterns/behaviour/visitor_java/src/main/java/com/example/CarElement.java[0m
2023.02.09 06:40:18 WARN  Running javac-semanticdb failed for file:///home/philip/rust-programming/design_patterns/behaviour/visitor_java/src/main/java/com/example/CarElement.java. Output:
/home/philip/rust-programming/design_patterns/behaviour/visitor_java/src/main/java/com/example/CarElement.java:4: error: ';' expected
    void accept()
                 ^
1 error[0m
2023.02.09 06:40:20 WARN  no build target for: /home/philip/rust-programming/design_patterns/behaviour/visitor_java/src/main/java/com/example/CarElement.java[0m
2023.02.09 06:40:21 WARN  Running javac-semanticdb failed for file:///home/philip/rust-programming/design_patterns/behaviour/visitor_java/src/main/java/com/example/CarElement.java. Output:
/home/philip/rust-programming/design_patterns/behaviour/visitor_java/src/main/java/com/example/CarElement.java:4: error: <identifier> expected
    void accept(Visit)
                     ^
/home/philip/rust-programming/design_patterns/behaviour/visitor_java/src/main/java/com/example/CarElement.java:4: error: ';' expected
    void accept(Visit)
                      ^
2 errors[0m
2023.02.09 06:40:23 WARN  no build target for: /home/philip/rust-programming/design_patterns/behaviour/visitor_java/src/main/java/com/example/CarElement.java[0m
2023.02.09 06:40:24 WARN  Running javac-semanticdb failed for file:///home/philip/rust-programming/design_patterns/behaviour/visitor_java/src/main/java/com/example/CarElement.java. Output:
/home/philip/rust-programming/design_patterns/behaviour/visitor_java/src/main/java/com/example/CarElement.java:4: error: ';' expected
    void accept(Visitor visitor)
                                ^
1 error[0m
2023.02.09 06:40:24 WARN  no build target for: /home/philip/rust-programming/design_patterns/behaviour/visitor_java/src/main/java/com/example/CarElement.java[0m
2023.02.09 06:40:44 WARN  no build target for: /home/philip/rust-programming/design_patterns/behaviour/visitor_java/src/main/java/com/example/carParts/Engine.java[0m
2023.02.09 06:40:52 WARN  no build target for: /home/philip/rust-programming/design_patterns/behaviour/visitor_java/src/main/java/com/example/carParts/Engine.java[0m
Feb 09, 2023 6:40:54 AM org.eclipse.lsp4j.jsonrpc.RemoteEndpoint handleCancellation
WARNING: Unmatched cancel notification for request id 597
2023.02.09 06:40:56 WARN  no build target for: /home/philip/rust-programming/design_patterns/behaviour/visitor_java/src/main/java/com/example/carParts/Engine.java[0m
2023.02.09 06:40:58 WARN  no build target for: /home/philip/rust-programming/design_patterns/behaviour/visitor_java/src/main/java/com/example/carParts/Engine.java[0m
2023.02.09 06:41:02 WARN  no build target for: /home/philip/rust-programming/design_patterns/behaviour/visitor_java/src/main/java/com/example/carParts/Engine.java[0m
2023.02.09 06:41:05 WARN  no build target for: /home/philip/rust-programming/design_patterns/behaviour/visitor_java/src/main/java/com/example/carParts/Engine.java[0m
2023.02.09 06:41:09 WARN  no build target for: /home/philip/rust-programming/design_patterns/behaviour/visitor_java/src/main/java/com/example/carParts/Engine.java[0m
2023.02.09 06:41:10 WARN  Running javac-semanticdb failed for file:///home/philip/rust-programming/design_patterns/behaviour/visitor_java/src/main/java/com/example/carParts/Engine.java. Output:
/home/philip/rust-programming/design_patterns/behaviour/visitor_java/src/main/java/com/example/carParts/Engine.java:11: error: <identifier> expected
        visitor.
                ^
/home/philip/rust-programming/design_patterns/behaviour/visitor_java/src/main/java/com/example/carParts/Engine.java:11: error: not a statement
        visitor.
               ^
2 errors[0m
2023.02.09 06:41:17 WARN  no build target for: /home/philip/rust-programming/design_patterns/behaviour/visitor_java/src/main/java/com/example/carParts/Engine.java[0m
2023.02.09 06:41:22 WARN  no build target for: /home/philip/rust-programming/design_patterns/behaviour/visitor_java/src/main/java/com/example/carParts/Engine.java[0m
2023.02.09 06:41:33 WARN  no build target for: /home/philip/rust-programming/design_patterns/behaviour/visitor_java/src/main/java/com/example/Visitor.java[0m
2023.02.09 06:41:36 WARN  no build target for: /home/philip/rust-programming/design_patterns/behaviour/visitor_java/src/main/java/com/example/Visitor.java[0m
2023.02.09 06:42:02 WARN  no build target for: /home/philip/rust-programming/design_patterns/behaviour/visitor_java/src/main/java/com/example/carParts/Body.java[0m
2023.02.09 06:42:03 WARN  no build target for: /home/philip/rust-programming/design_patterns/behaviour/visitor_java/src/main/java/com/example/carParts/Body.java[0m
2023.02.09 06:42:21 WARN  no build target for: /home/philip/rust-programming/design_patterns/behaviour/visitor_java/src/main/java/com/example/carParts/Body.java[0m
2023.02.09 06:42:24 WARN  no build target for: /home/philip/rust-programming/design_patterns/behaviour/visitor_java/src/main/java/com/example/carParts/Body.java[0m
2023.02.09 06:42:28 WARN  no build target for: /home/philip/rust-programming/design_patterns/behaviour/visitor_java/src/main/java/com/example/carParts/Body.java[0m
2023.02.09 06:42:32 WARN  no build target for: /home/philip/rust-programming/design_patterns/behaviour/visitor_java/src/main/java/com/example/carParts/Body.java[0m
2023.02.09 06:42:33 WARN  Running javac-semanticdb failed for file:///home/philip/rust-programming/design_patterns/behaviour/visitor_java/src/main/java/com/example/carParts/Body.java. Output:
/home/philip/rust-programming/design_patterns/behaviour/visitor_java/src/main/java/com/example/carParts/Body.java:11: error: <identifier> expected
        visitor.
                ^
/home/philip/rust-programming/design_patterns/behaviour/visitor_java/src/main/java/com/example/carParts/Body.java:11: error: not a statement
        visitor.
               ^
2 errors[0m
2023.02.09 06:42:38 WARN  no build target for: /home/philip/rust-programming/design_patterns/behaviour/visitor_java/src/main/java/com/example/carParts/Body.java[0m
2023.02.09 06:43:20 WARN  no build target for: /home/philip/rust-programming/design_patterns/behaviour/visitor_java/src/main/java/com/example/carParts/Body.java[0m
2023.02.09 06:43:28 WARN  no build target for: /home/philip/rust-programming/design_patterns/behaviour/visitor_java/src/main/java/com/example/carParts/Body.java[0m
2023.02.09 06:43:29 WARN  Running javac-semanticdb failed for file:///home/philip/rust-programming/design_patterns/behaviour/visitor_java/src/main/java/com/example/carParts/Body.java. Output:
/home/philip/rust-programming/design_patterns/behaviour/visitor_java/src/main/java/com/example/carParts/Body.java:11: error: <identifier> expected
        visitor.(this);
                ^
1 error[0m
2023.02.09 06:43:32 WARN  no build target for: /home/philip/rust-programming/design_patterns/behaviour/visitor_java/src/main/java/com/example/carParts/Body.java[0m
2023.02.09 06:43:33 WARN  Running javac-semanticdb failed for file:///home/philip/rust-programming/design_patterns/behaviour/visitor_java/src/main/java/com/example/carParts/Body.java. Output:
/home/philip/rust-programming/design_patterns/behaviour/visitor_java/src/main/java/com/example/carParts/Body.java:11: error: <identifier> expected
        visitor.
                ^
/home/philip/rust-programming/design_patterns/behaviour/visitor_java/src/main/java/com/example/carParts/Body.java:11: error: not a statement
        visitor.
               ^
2 errors[0m
2023.02.09 06:43:38 WARN  no build target for: /home/philip/rust-programming/design_patterns/behaviour/visitor_java/src/main/java/com/example/carParts/Body.java[0m
2023.02.09 06:43:40 INFO  time: code lens generation in 1.46s[0m
2023.02.09 06:43:42 WARN  no build target for: /home/philip/rust-programming/design_patterns/behaviour/visitor_java/src/main/java/com/example/carParts/Body.java[0m
2023.02.09 06:44:04 WARN  no build target for: /home/philip/rust-programming/design_patterns/behaviour/visitor_java/src/main/java/com/example/Visitor.java[0m
2023.02.09 06:44:07 WARN  no build target for: /home/philip/rust-programming/design_patterns/behaviour/visitor_java/src/main/java/com/example/Visitor.java[0m
2023.02.09 06:44:09 WARN  no build target for: /home/philip/rust-programming/design_patterns/behaviour/visitor_java/src/main/java/com/example/Visitor.java[0m
2023.02.09 06:44:12 WARN  no build target for: /home/philip/rust-programming/design_patterns/behaviour/visitor_java/src/main/java/com/example/Visitor.java[0m
2023.02.09 06:44:17 WARN  no build target for: /home/philip/rust-programming/design_patterns/behaviour/visitor_java/src/main/java/com/example/carParts/Car.java[0m
2023.02.09 06:44:18 WARN  no build target for: /home/philip/rust-programming/design_patterns/behaviour/visitor_java/src/main/java/com/example/carParts/Car.java[0m
2023.02.09 06:44:22 WARN  no build target for: /home/philip/rust-programming/design_patterns/behaviour/visitor_java/src/main/java/com/example/Visitor.java[0m
2023.02.09 06:44:22 WARN  no build target for: /home/philip/rust-programming/design_patterns/behaviour/visitor_java/src/main/java/com/example/Visitor.java[0m
2023.02.09 06:44:22 WARN  no build target for: /home/philip/rust-programming/design_patterns/behaviour/visitor_java/src/main/java/com/example/Visitor.java[0m
2023.02.09 06:44:24 WARN  no build target for: /home/philip/rust-programming/design_patterns/behaviour/visitor_java/src/main/java/com/example/Visitor.java[0m
2023.02.09 06:44:25 INFO  time: code lens generation in 1s[0m
2023.02.09 06:45:12 WARN  no build target for: /home/philip/rust-programming/design_patterns/behaviour/visitor_java/src/main/java/com/example/carParts/Wheels.java[0m
2023.02.09 06:45:13 WARN  no build target for: /home/philip/rust-programming/design_patterns/behaviour/visitor_java/src/main/java/com/example/carParts/Wheels.java[0m
2023.02.09 06:45:57 WARN  no build target for: /home/philip/rust-programming/design_patterns/behaviour/visitor_java/src/main/java/com/example/Visitor.java[0m
2023.02.09 06:45:58 WARN  no build target for: /home/philip/rust-programming/design_patterns/behaviour/visitor_java/src/main/java/com/example/Visitor.java[0m
Feb 09, 2023 6:46:07 AM org.eclipse.lsp4j.jsonrpc.services.GenericEndpoint notify
INFO: Unsupported notification method: $/setTrace
2023.02.09 06:52:21 WARN  no build target for: /home/philip/rust-programming/design_patterns/behaviour/visitor_java/src/main/java/com/example/carParts/Car.java[0m
2023.02.09 06:52:22 WARN  Running javac-semanticdb failed for file:///home/philip/rust-programming/design_patterns/behaviour/visitor_java/src/main/java/com/example/carParts/Car.java. Output:
/home/philip/rust-programming/design_patterns/behaviour/visitor_java/src/main/java/com/example/carParts/Car.java:3: error: illegal start of type
public class Car implements  {
                             ^
1 error[0m
2023.02.09 06:52:24 WARN  no build target for: /home/philip/rust-programming/design_patterns/behaviour/visitor_java/src/main/java/com/example/carParts/Car.java[0m
2023.02.09 06:52:28 WARN  no build target for: /home/philip/rust-programming/design_patterns/behaviour/visitor_java/src/main/java/com/example/carParts/Car.java[0m
2023.02.09 06:52:31 WARN  no build target for: /home/philip/rust-programming/design_patterns/behaviour/visitor_java/src/main/java/com/example/carParts/Car.java[0m
2023.02.09 06:52:32 WARN  Running javac-semanticdb failed for file:///home/philip/rust-programming/design_patterns/behaviour/visitor_java/src/main/java/com/example/carParts/Car.java. Output:
/home/philip/rust-programming/design_patterns/behaviour/visitor_java/src/main/java/com/example/carParts/Car.java:11: error: <identifier> expected
        visitor.
                ^
/home/philip/rust-programming/design_patterns/behaviour/visitor_java/src/main/java/com/example/carParts/Car.java:11: error: not a statement
        visitor.
               ^
2 errors[0m
2023.02.09 06:52:36 WARN  no build target for: /home/philip/rust-programming/design_patterns/behaviour/visitor_java/src/main/java/com/example/carParts/Car.java[0m
2023.02.09 06:52:37 WARN  Running javac-semanticdb failed for file:///home/philip/rust-programming/design_patterns/behaviour/visitor_java/src/main/java/com/example/carParts/Car.java. Output:
/home/philip/rust-programming/design_patterns/behaviour/visitor_java/src/main/java/com/example/carParts/Car.java:11: error: not a statement
        visitor.visit
               ^
/home/philip/rust-programming/design_patterns/behaviour/visitor_java/src/main/java/com/example/carParts/Car.java:11: error: ';' expected
        visitor.visit
                     ^
2 errors[0m
2023.02.09 06:52:38 WARN  no build target for: /home/philip/rust-programming/design_patterns/behaviour/visitor_java/src/main/java/com/example/carParts/Car.java[0m
2023.02.09 06:52:38 WARN  Running javac-semanticdb failed for file:///home/philip/rust-programming/design_patterns/behaviour/visitor_java/src/main/java/com/example/carParts/Car.java. Output:
/home/philip/rust-programming/design_patterns/behaviour/visitor_java/src/main/java/com/example/carParts/Car.java:11: error: ';' expected
        visitor.visit(this)
                           ^
1 error[0m
2023.02.09 06:52:59 WARN  no build target for: /home/philip/rust-programming/design_patterns/behaviour/visitor_java/src/main/java/com/example/carParts/Car.java[0m
2023.02.09 06:53:00 WARN  Running javac-semanticdb failed for file:///home/philip/rust-programming/design_patterns/behaviour/visitor_java/src/main/java/com/example/carParts/Car.java. Output:
/home/philip/rust-programming/design_patterns/behaviour/visitor_java/src/main/java/com/example/carParts/Car.java:11: error: illegal start of type
    @Override
    ^
/home/philip/rust-programming/design_patterns/behaviour/visitor_java/src/main/java/com/example/carParts/Car.java:11: error: <identifier> expected
    @Override
             ^
/home/philip/rust-programming/design_patterns/behaviour/visitor_java/src/main/java/com/example/carParts/Car.java:14: error: ';' expected
        visitor.visit(this)
                           ^
3 errors[0m
2023.02.09 06:53:02 WARN  no build target for: /home/philip/rust-programming/design_patterns/behaviour/visitor_java/src/main/java/com/example/carParts/Car.java[0m
2023.02.09 06:53:03 WARN  Running javac-semanticdb failed for file:///home/philip/rust-programming/design_patterns/behaviour/visitor_java/src/main/java/com/example/carParts/Car.java. Output:
/home/philip/rust-programming/design_patterns/behaviour/visitor_java/src/main/java/com/example/carParts/Car.java:11: error: illegal start of type
    @Override
    ^
/home/philip/rust-programming/design_patterns/behaviour/visitor_java/src/main/java/com/example/carParts/Car.java:11: error: <identifier> expected
    @Override
             ^
/home/philip/rust-programming/design_patterns/behaviour/visitor_java/src/main/java/com/example/carParts/Car.java:14: error: ';' expected
        visitor.visit(this)
                           ^
3 errors[0m
2023.02.09 06:53:04 WARN  no build target for: /home/philip/rust-programming/design_patterns/behaviour/visitor_java/src/main/java/com/example/carParts/Car.java[0m
2023.02.09 06:53:04 WARN  Running javac-semanticdb failed for file:///home/philip/rust-programming/design_patterns/behaviour/visitor_java/src/main/java/com/example/carParts/Car.java. Output:
/home/philip/rust-programming/design_patterns/behaviour/visitor_java/src/main/java/com/example/carParts/Car.java:11: error: illegal start of type
    @Override
    ^
/home/philip/rust-programming/design_patterns/behaviour/visitor_java/src/main/java/com/example/carParts/Car.java:11: error: ';' expected
    @Override
             ^
/home/philip/rust-programming/design_patterns/behaviour/visitor_java/src/main/java/com/example/carParts/Car.java:14: error: ';' expected
        visitor.visit(this)
                           ^
3 errors[0m
2023.02.09 06:53:05 WARN  no build target for: /home/philip/rust-programming/design_patterns/behaviour/visitor_java/src/main/java/com/example/carParts/Car.java[0m
2023.02.09 06:53:05 WARN  Running javac-semanticdb failed for file:///home/philip/rust-programming/design_patterns/behaviour/visitor_java/src/main/java/com/example/carParts/Car.java. Output:
/home/philip/rust-programming/design_patterns/behaviour/visitor_java/src/main/java/com/example/carParts/Car.java:11: error: illegal start of type
    @Override
    ^
/home/philip/rust-programming/design_patterns/behaviour/visitor_java/src/main/java/com/example/carParts/Car.java:11: error: ';' expected
    @Override
             ^
/home/philip/rust-programming/design_patterns/behaviour/visitor_java/src/main/java/com/example/carParts/Car.java:14: error: ';' expected
        visitor.visit(this)
                           ^
3 errors[0m
2023.02.09 06:53:07 WARN  no build target for: /home/philip/rust-programming/design_patterns/behaviour/visitor_java/src/main/java/com/example/carParts/Car.java[0m
2023.02.09 06:53:07 WARN  Running javac-semanticdb failed for file:///home/philip/rust-programming/design_patterns/behaviour/visitor_java/src/main/java/com/example/carParts/Car.java. Output:
/home/philip/rust-programming/design_patterns/behaviour/visitor_java/src/main/java/com/example/carParts/Car.java:12: error: ';' expected
        visitor.visit(this)
                           ^
1 error[0m
2023.02.09 06:53:10 WARN  no build target for: /home/philip/rust-programming/design_patterns/behaviour/visitor_java/src/main/java/com/example/carParts/Car.java[0m
2023.02.09 06:53:10 WARN  Running javac-semanticdb failed for file:///home/philip/rust-programming/design_patterns/behaviour/visitor_java/src/main/java/com/example/carParts/Car.java. Output:
/home/philip/rust-programming/design_patterns/behaviour/visitor_java/src/main/java/com/example/carParts/Car.java:13: error: '(' expected
        for 
           ^
/home/philip/rust-programming/design_patterns/behaviour/visitor_java/src/main/java/com/example/carParts/Car.java:15: error: ';' expected
        visitor.visit(this)
                           ^
/home/philip/rust-programming/design_patterns/behaviour/visitor_java/src/main/java/com/example/carParts/Car.java:16: error: illegal start of expression
    }
    ^
3 errors[0m
2023.02.09 06:53:13 WARN  no build target for: /home/philip/rust-programming/design_patterns/behaviour/visitor_java/src/main/java/com/example/carParts/Car.java[0m
2023.02.09 06:53:14 WARN  Running javac-semanticdb failed for file:///home/philip/rust-programming/design_patterns/behaviour/visitor_java/src/main/java/com/example/carParts/Car.java. Output:
/home/philip/rust-programming/design_patterns/behaviour/visitor_java/src/main/java/com/example/carParts/Car.java:13: error: illegal start of expression
        for ()
             ^
/home/philip/rust-programming/design_patterns/behaviour/visitor_java/src/main/java/com/example/carParts/Car.java:15: error: ';' expected
        visitor.visit(this)
                           ^
2 errors[0m
2023.02.09 06:53:21 WARN  no build target for: /home/philip/rust-programming/design_patterns/behaviour/visitor_java/src/main/java/com/example/carParts/Car.java[0m
2023.02.09 06:53:22 WARN  Running javac-semanticdb failed for file:///home/philip/rust-programming/design_patterns/behaviour/visitor_java/src/main/java/com/example/carParts/Car.java. Output:
/home/philip/rust-programming/design_patterns/behaviour/visitor_java/src/main/java/com/example/carParts/Car.java:13: error: ';' expected
        for (CarElement e)
                         ^
/home/philip/rust-programming/design_patterns/behaviour/visitor_java/src/main/java/com/example/carParts/Car.java:15: error: ';' expected
        visitor.visit(this)
                           ^
2 errors[0m
2023.02.09 06:53:26 WARN  no build target for: /home/philip/rust-programming/design_patterns/behaviour/visitor_java/src/main/java/com/example/carParts/Car.java[0m
2023.02.09 06:53:26 WARN  Running javac-semanticdb failed for file:///home/philip/rust-programming/design_patterns/behaviour/visitor_java/src/main/java/com/example/carParts/Car.java. Output:
/home/philip/rust-programming/design_patterns/behaviour/visitor_java/src/main/java/com/example/carParts/Car.java:18: error: ';' expected
        visitor.visit(this)
                           ^
1 error[0m
2023.02.09 06:53:34 WARN  no build target for: /home/philip/rust-programming/design_patterns/behaviour/visitor_java/src/main/java/com/example/carParts/Car.java[0m
2023.02.09 06:53:35 WARN  Running javac-semanticdb failed for file:///home/philip/rust-programming/design_patterns/behaviour/visitor_java/src/main/java/com/example/carParts/Car.java. Output:
/home/philip/rust-programming/design_patterns/behaviour/visitor_java/src/main/java/com/example/carParts/Car.java:14: error: <identifier> expected
            el.
               ^
/home/philip/rust-programming/design_patterns/behaviour/visitor_java/src/main/java/com/example/carParts/Car.java:14: error: not a statement
            el.
              ^
/home/philip/rust-programming/design_patterns/behaviour/visitor_java/src/main/java/com/example/carParts/Car.java:18: error: ';' expected
        visitor.visit(this)
                           ^
3 errors[0m
2023.02.09 06:53:36 WARN  no build target for: /home/philip/rust-programming/design_patterns/behaviour/visitor_java/src/main/java/com/example/carParts/Car.java[0m
2023.02.09 06:53:37 WARN  Running javac-semanticdb failed for file:///home/philip/rust-programming/design_patterns/behaviour/visitor_java/src/main/java/com/example/carParts/Car.java. Output:
/home/philip/rust-programming/design_patterns/behaviour/visitor_java/src/main/java/com/example/carParts/Car.java:18: error: ';' expected
        visitor.visit(this)
                           ^
1 error[0m
2023.02.09 06:53:39 WARN  no build target for: /home/philip/rust-programming/design_patterns/behaviour/visitor_java/src/main/java/com/example/carParts/Car.java[0m
2023.02.09 06:53:40 WARN  Running javac-semanticdb failed for file:///home/philip/rust-programming/design_patterns/behaviour/visitor_java/src/main/java/com/example/carParts/Car.java. Output:
/home/philip/rust-programming/design_patterns/behaviour/visitor_java/src/main/java/com/example/carParts/Car.java:18: error: ';' expected
        visitor.visit(this)
                           ^
1 error[0m
2023.02.09 06:53:41 WARN  no build target for: /home/philip/rust-programming/design_patterns/behaviour/visitor_java/src/main/java/com/example/carParts/Car.java[0m
2023.02.09 06:53:42 WARN  Running javac-semanticdb failed for file:///home/philip/rust-programming/design_patterns/behaviour/visitor_java/src/main/java/com/example/carParts/Car.java. Output:
/home/philip/rust-programming/design_patterns/behaviour/visitor_java/src/main/java/com/example/carParts/Car.java:16: error: ';' expected
        visitor.visit(this)
                           ^
1 error[0m
2023.02.09 06:53:43 WARN  no build target for: /home/philip/rust-programming/design_patterns/behaviour/visitor_java/src/main/java/com/example/carParts/Car.java[0m
2023.02.09 06:54:11 WARN  no build target for: /home/philip/rust-programming/design_patterns/behaviour/visitor_java/src/main/java/com/example/carParts/Car.java[0m
2023.02.09 06:54:19 WARN  no build target for: /home/philip/rust-programming/design_patterns/behaviour/visitor_java/src/main/java/com/example/carParts/Car.java[0m
2023.02.09 06:54:20 WARN  Running javac-semanticdb failed for file:///home/philip/rust-programming/design_patterns/behaviour/visitor_java/src/main/java/com/example/carParts/Car.java. Output:
/home/philip/rust-programming/design_patterns/behaviour/visitor_java/src/main/java/com/example/carParts/Car.java:11: error: not a statement
        this.elements
            ^
/home/philip/rust-programming/design_patterns/behaviour/visitor_java/src/main/java/com/example/carParts/Car.java:11: error: ';' expected
        this.elements
                     ^
2 errors[0m
2023.02.09 06:54:20 WARN  no build target for: /home/philip/rust-programming/design_patterns/behaviour/visitor_java/src/main/java/com/example/carParts/Car.java[0m
2023.02.09 06:54:21 WARN  Running javac-semanticdb failed for file:///home/philip/rust-programming/design_patterns/behaviour/visitor_java/src/main/java/com/example/carParts/Car.java. Output:
/home/philip/rust-programming/design_patterns/behaviour/visitor_java/src/main/java/com/example/carParts/Car.java:12: error: illegal start of expression
    }
    ^
1 error[0m
2023.02.09 06:54:28 WARN  no build target for: /home/philip/rust-programming/design_patterns/behaviour/visitor_java/src/main/java/com/example/carParts/Car.java[0m
2023.02.09 06:55:05 WARN  no build target for: /home/philip/rust-programming/design_patterns/behaviour/visitor_java/src/main/java/com/example/carParts/Car.java[0m
2023.02.09 06:55:06 WARN  Running javac-semanticdb failed for file:///home/philip/rust-programming/design_patterns/behaviour/visitor_java/src/main/java/com/example/carParts/Car.java. Output:
/home/philip/rust-programming/design_patterns/behaviour/visitor_java/src/main/java/com/example/carParts/Car.java:12: error: illegal start of type
            new Wheels
            ^
/home/philip/rust-programming/design_patterns/behaviour/visitor_java/src/main/java/com/example/carParts/Car.java:12: error: <identifier> expected
            new Wheels
                      ^
2 errors[0m
2023.02.09 06:55:16 WARN  no build target for: /home/philip/rust-programming/design_patterns/behaviour/visitor_java/src/main/java/com/example/carParts/Car.java[0m
2023.02.09 06:55:19 WARN  no build target for: /home/philip/rust-programming/design_patterns/behaviour/visitor_java/src/main/java/com/example/carParts/Car.java[0m
2023.02.09 06:55:20 WARN  Running javac-semanticdb failed for file:///home/philip/rust-programming/design_patterns/behaviour/visitor_java/src/main/java/com/example/carParts/Car.java. Output:
/home/philip/rust-programming/design_patterns/behaviour/visitor_java/src/main/java/com/example/carParts/Car.java:12: error: illegal start of type
            new 
            ^
1 error[0m
2023.02.09 06:55:22 WARN  no build target for: /home/philip/rust-programming/design_patterns/behaviour/visitor_java/src/main/java/com/example/carParts/Car.java[0m
2023.02.09 06:55:22 WARN  Running javac-semanticdb failed for file:///home/philip/rust-programming/design_patterns/behaviour/visitor_java/src/main/java/com/example/carParts/Car.java. Output:
/home/philip/rust-programming/design_patterns/behaviour/visitor_java/src/main/java/com/example/carParts/Car.java:12: error: illegal start of type
            new Wheels
            ^
/home/philip/rust-programming/design_patterns/behaviour/visitor_java/src/main/java/com/example/carParts/Car.java:12: error: <identifier> expected
            new Wheels
                      ^
2 errors[0m
2023.02.09 06:55:25 WARN  no build target for: /home/philip/rust-programming/design_patterns/behaviour/visitor_java/src/main/java/com/example/carParts/Car.java[0m
2023.02.09 06:55:25 WARN  Running javac-semanticdb failed for file:///home/philip/rust-programming/design_patterns/behaviour/visitor_java/src/main/java/com/example/carParts/Car.java. Output:
/home/philip/rust-programming/design_patterns/behaviour/visitor_java/src/main/java/com/example/carParts/Car.java:12: error: illegal start of type
            new Wheels("")
            ^
/home/philip/rust-programming/design_patterns/behaviour/visitor_java/src/main/java/com/example/carParts/Car.java:12: error: invalid method declaration; return type required
            new Wheels("")
                ^
/home/philip/rust-programming/design_patterns/behaviour/visitor_java/src/main/java/com/example/carParts/Car.java:12: error: illegal start of type
            new Wheels("")
                       ^
3 errors[0m
2023.02.09 06:55:28 WARN  no build target for: /home/philip/rust-programming/design_patterns/behaviour/visitor_java/src/main/java/com/example/carParts/Car.java[0m
2023.02.09 06:55:28 WARN  Running javac-semanticdb failed for file:///home/philip/rust-programming/design_patterns/behaviour/visitor_java/src/main/java/com/example/carParts/Car.java. Output:
/home/philip/rust-programming/design_patterns/behaviour/visitor_java/src/main/java/com/example/carParts/Car.java:12: error: illegal start of type
            new Wheels(""),
            ^
/home/philip/rust-programming/design_patterns/behaviour/visitor_java/src/main/java/com/example/carParts/Car.java:12: error: invalid method declaration; return type required
            new Wheels(""),
                ^
/home/philip/rust-programming/design_patterns/behaviour/visitor_java/src/main/java/com/example/carParts/Car.java:12: error: illegal start of type
            new Wheels(""),
                       ^
3 errors[0m
2023.02.09 06:55:38 WARN  no build target for: /home/philip/rust-programming/design_patterns/behaviour/visitor_java/src/main/java/com/example/carParts/Wheels.java[0m
2023.02.09 06:55:38 WARN  Running javac-semanticdb failed for file:///home/philip/rust-programming/design_patterns/behaviour/visitor_java/src/main/java/com/example/carParts/Wheels.java. Output:
/home/philip/rust-programming/design_patterns/behaviour/visitor_java/src/main/java/com/example/carParts/Wheels.java:4: error: ';' expected
    String direction
                    ^
1 error[0m
2023.02.09 06:55:40 WARN  no build target for: /home/philip/rust-programming/design_patterns/behaviour/visitor_java/src/main/java/com/example/carParts/Wheels.java[0m
2023.02.09 06:55:43 WARN  no build target for: /home/philip/rust-programming/design_patterns/behaviour/visitor_java/src/main/java/com/example/carParts/Wheels.java[0m
2023.02.09 06:55:43 WARN  Running javac-semanticdb failed for file:///home/philip/rust-programming/design_patterns/behaviour/visitor_java/src/main/java/com/example/carParts/Wheels.java. Output:
/home/philip/rust-programming/design_patterns/behaviour/visitor_java/src/main/java/com/example/carParts/Wheels.java:3: error: illegal start of type
public class Wheels implements {
                               ^
/home/philip/rust-programming/design_patterns/behaviour/visitor_java/src/main/java/com/example/carParts/Wheels.java:4: error: ';' expected
    String direction
                    ^
2 errors[0m
2023.02.09 06:55:48 WARN  no build target for: /home/philip/rust-programming/design_patterns/behaviour/visitor_java/src/main/java/com/example/carParts/Wheels.java[0m
2023.02.09 06:55:49 WARN  Running javac-semanticdb failed for file:///home/philip/rust-programming/design_patterns/behaviour/visitor_java/src/main/java/com/example/carParts/Wheels.java. Output:
/home/philip/rust-programming/design_patterns/behaviour/visitor_java/src/main/java/com/example/carParts/Wheels.java:6: error: ';' expected
    String direction
                    ^
1 error[0m
2023.02.09 06:55:50 WARN  no build target for: /home/philip/rust-programming/design_patterns/behaviour/visitor_java/src/main/java/com/example/carParts/Wheels.java[0m
2023.02.09 06:55:50 WARN  Running javac-semanticdb failed for file:///home/philip/rust-programming/design_patterns/behaviour/visitor_java/src/main/java/com/example/carParts/Wheels.java. Output:
/home/philip/rust-programming/design_patterns/behaviour/visitor_java/src/main/java/com/example/carParts/Wheels.java:7: error: illegal start of expression
}
^
1 error[0m
2023.02.09 06:55:51 WARN  no build target for: /home/philip/rust-programming/design_patterns/behaviour/visitor_java/src/main/java/com/example/carParts/Wheels.java[0m
2023.02.09 06:55:52 WARN  Running javac-semanticdb failed for file:///home/philip/rust-programming/design_patterns/behaviour/visitor_java/src/main/java/com/example/carParts/Wheels.java. Output:
/home/philip/rust-programming/design_patterns/behaviour/visitor_java/src/main/java/com/example/carParts/Wheels.java:6: error: ';' expected
    String direction
                    ^
1 error[0m
2023.02.09 06:55:53 WARN  no build target for: /home/philip/rust-programming/design_patterns/behaviour/visitor_java/src/main/java/com/example/carParts/Wheels.java[0m
2023.02.09 06:55:59 WARN  no build target for: /home/philip/rust-programming/design_patterns/behaviour/visitor_java/src/main/java/com/example/carParts/Wheels.java[0m
2023.02.09 06:56:03 WARN  no build target for: /home/philip/rust-programming/design_patterns/behaviour/visitor_java/src/main/java/com/example/carParts/Wheels.java[0m
2023.02.09 06:56:04 WARN  Running javac-semanticdb failed for file:///home/philip/rust-programming/design_patterns/behaviour/visitor_java/src/main/java/com/example/carParts/Wheels.java. Output:
/home/philip/rust-programming/design_patterns/behaviour/visitor_java/src/main/java/com/example/carParts/Wheels.java:8: error: ';' expected
    public Wheels()
                   ^
1 error[0m
2023.02.09 06:56:33 WARN  no build target for: /home/philip/rust-programming/design_patterns/behaviour/visitor_java/src/main/java/com/example/carParts/Wheels.java[0m
2023.02.09 06:56:34 WARN  Running javac-semanticdb failed for file:///home/philip/rust-programming/design_patterns/behaviour/visitor_java/src/main/java/com/example/carParts/Wheels.java. Output:
/home/philip/rust-programming/design_patterns/behaviour/visitor_java/src/main/java/com/example/carParts/Wheels.java:9: error: not a statement
        this.direction
            ^
/home/philip/rust-programming/design_patterns/behaviour/visitor_java/src/main/java/com/example/carParts/Wheels.java:9: error: ';' expected
        this.direction
                      ^
2 errors[0m
2023.02.09 06:56:38 WARN  no build target for: /home/philip/rust-programming/design_patterns/behaviour/visitor_java/src/main/java/com/example/carParts/Wheels.java[0m
2023.02.09 06:56:39 WARN  Running javac-semanticdb failed for file:///home/philip/rust-programming/design_patterns/behaviour/visitor_java/src/main/java/com/example/carParts/Wheels.java. Output:
/home/philip/rust-programming/design_patterns/behaviour/visitor_java/src/main/java/com/example/carParts/Wheels.java:9: error: not a statement
        this.direction - anme
                       ^
/home/philip/rust-programming/design_patterns/behaviour/visitor_java/src/main/java/com/example/carParts/Wheels.java:9: error: ';' expected
        this.direction - anme
                             ^
2 errors[0m
2023.02.09 06:56:41 WARN  no build target for: /home/philip/rust-programming/design_patterns/behaviour/visitor_java/src/main/java/com/example/carParts/Wheels.java[0m
2023.02.09 06:56:42 WARN  Running javac-semanticdb failed for file:///home/philip/rust-programming/design_patterns/behaviour/visitor_java/src/main/java/com/example/carParts/Wheels.java. Output:
/home/philip/rust-programming/design_patterns/behaviour/visitor_java/src/main/java/com/example/carParts/Wheels.java:9: error: ';' expected
        this.direction = name
                             ^
1 error[0m
2023.02.09 06:56:44 WARN  no build target for: /home/philip/rust-programming/design_patterns/behaviour/visitor_java/src/main/java/com/example/carParts/Wheels.java[0m
2023.02.09 06:56:45 WARN  Running javac-semanticdb failed for file:///home/philip/rust-programming/design_patterns/behaviour/visitor_java/src/main/java/com/example/carParts/Wheels.java. Output:
/home/philip/rust-programming/design_patterns/behaviour/visitor_java/src/main/java/com/example/carParts/Wheels.java:9: error: ';' expected
        this.direction = name
                             ^
1 error[0m
2023.02.09 06:56:53 WARN  no build target for: /home/philip/rust-programming/design_patterns/behaviour/visitor_java/src/main/java/com/example/carParts/Wheels.java[0m
2023.02.09 06:56:58 WARN  no build target for: /home/philip/rust-programming/design_patterns/behaviour/visitor_java/src/main/java/com/example/carParts/Wheels.java[0m
2023.02.09 06:57:00 WARN  no build target for: /home/philip/rust-programming/design_patterns/behaviour/visitor_java/src/main/java/com/example/carParts/Wheels.java[0m
2023.02.09 06:58:10 WARN  no build target for: /home/philip/rust-programming/design_patterns/behaviour/visitor_java/src/main/java/com/example/carParts/Car.java[0m
2023.02.09 06:58:10 WARN  Running javac-semanticdb failed for file:///home/philip/rust-programming/design_patterns/behaviour/visitor_java/src/main/java/com/example/carParts/Car.java. Output:
/home/philip/rust-programming/design_patterns/behaviour/visitor_java/src/main/java/com/example/carParts/Car.java:11: error: '(' or '[' expected
        this.elements= new CarElement{
                                     ^
/home/philip/rust-programming/design_patterns/behaviour/visitor_java/src/main/java/com/example/carParts/Car.java:12: error: ';' expected
            new Wheels(""),
                          ^
2 errors[0m
2023.02.09 06:58:13 WARN  no build target for: /home/philip/rust-programming/design_patterns/behaviour/visitor_java/src/main/java/com/example/carParts/Car.java[0m
2023.02.09 06:58:13 WARN  Running javac-semanticdb failed for file:///home/philip/rust-programming/design_patterns/behaviour/visitor_java/src/main/java/com/example/carParts/Car.java. Output:
/home/philip/rust-programming/design_patterns/behaviour/visitor_java/src/main/java/com/example/carParts/Car.java:11: error: '(' or '[' expected
        this.elements= new CarElement {
                                      ^
/home/philip/rust-programming/design_patterns/behaviour/visitor_java/src/main/java/com/example/carParts/Car.java:12: error: ';' expected
            new Wheels(""),
                          ^
2 errors[0m
2023.02.09 06:58:22 WARN  no build target for: /home/philip/rust-programming/design_patterns/behaviour/visitor_java/src/main/java/com/example/carParts/Car.java[0m
2023.02.09 06:58:23 WARN  Running javac-semanticdb failed for file:///home/philip/rust-programming/design_patterns/behaviour/visitor_java/src/main/java/com/example/carParts/Car.java. Output:
/home/philip/rust-programming/design_patterns/behaviour/visitor_java/src/main/java/com/example/carParts/Car.java:11: error: '(' or '[' expected
        this.elements= new CarElement {
                                      ^
/home/philip/rust-programming/design_patterns/behaviour/visitor_java/src/main/java/com/example/carParts/Car.java:12: error: ';' expected
            new Wheels(""),
                          ^
/home/philip/rust-programming/design_patterns/behaviour/visitor_java/src/main/java/com/example/carParts/Car.java:13: error: ';' expected
            new Wheels(""),
                          ^
/home/philip/rust-programming/design_patterns/behaviour/visitor_java/src/main/java/com/example/carParts/Car.java:14: error: ';' expected
            new Wheels(""),
                          ^
/home/philip/rust-programming/design_patterns/behaviour/visitor_java/src/main/java/com/example/carParts/Car.java:15: error: ';' expected
            new Wheels(""),
                          ^
5 errors[0m
2023.02.09 06:58:34 WARN  no build target for: /home/philip/rust-programming/design_patterns/behaviour/visitor_java/src/main/java/com/example/carParts/Car.java[0m
2023.02.09 06:58:35 WARN  Running javac-semanticdb failed for file:///home/philip/rust-programming/design_patterns/behaviour/visitor_java/src/main/java/com/example/carParts/Car.java. Output:
/home/philip/rust-programming/design_patterns/behaviour/visitor_java/src/main/java/com/example/carParts/Car.java:11: error: '(' or '[' expected
        this.elements= new CarElement {
                                      ^
/home/philip/rust-programming/design_patterns/behaviour/visitor_java/src/main/java/com/example/carParts/Car.java:12: error: ';' expected
            new Wheels(""),
                          ^
/home/philip/rust-programming/design_patterns/behaviour/visitor_java/src/main/java/com/example/carParts/Car.java:13: error: ';' expected
            new Wheels(""),
                          ^
/home/philip/rust-programming/design_patterns/behaviour/visitor_java/src/main/java/com/example/carParts/Car.java:14: error: ';' expected
            new Wheels(""),
                          ^
/home/philip/rust-programming/design_patterns/behaviour/visitor_java/src/main/java/com/example/carParts/Car.java:15: error: ';' expected
            new Wheels(""),
                          ^
5 errors[0m
2023.02.09 06:58:37 WARN  no build target for: /home/philip/rust-programming/design_patterns/behaviour/visitor_java/src/main/java/com/example/carParts/Car.java[0m
2023.02.09 06:58:38 WARN  Running javac-semanticdb failed for file:///home/philip/rust-programming/design_patterns/behaviour/visitor_java/src/main/java/com/example/carParts/Car.java. Output:
/home/philip/rust-programming/design_patterns/behaviour/visitor_java/src/main/java/com/example/carParts/Car.java:11: error: '(' or '[' expected
        this.elements= new CarElement {
                                      ^
/home/philip/rust-programming/design_patterns/behaviour/visitor_java/src/main/java/com/example/carParts/Car.java:12: error: ';' expected
            new Wheels(""),
                          ^
/home/philip/rust-programming/design_patterns/behaviour/visitor_java/src/main/java/com/example/carParts/Car.java:13: error: ';' expected
            new Wheels(""),
                          ^
/home/philip/rust-programming/design_patterns/behaviour/visitor_java/src/main/java/com/example/carParts/Car.java:14: error: ';' expected
            new Wheels(""),
                          ^
/home/philip/rust-programming/design_patterns/behaviour/visitor_java/src/main/java/com/example/carParts/Car.java:15: error: ';' expected
            new Wheels(""),
                          ^
5 errors[0m
2023.02.09 06:58:46 WARN  no build target for: /home/philip/rust-programming/design_patterns/behaviour/visitor_java/src/main/java/com/example/carParts/Car.java[0m
2023.02.09 06:58:47 WARN  Running javac-semanticdb failed for file:///home/philip/rust-programming/design_patterns/behaviour/visitor_java/src/main/java/com/example/carParts/Car.java. Output:
/home/philip/rust-programming/design_patterns/behaviour/visitor_java/src/main/java/com/example/carParts/Car.java:11: error: '(' or '[' expected
        this.elements= new CarElement {
                                      ^
/home/philip/rust-programming/design_patterns/behaviour/visitor_java/src/main/java/com/example/carParts/Car.java:12: error: ';' expected
            new Wheels(""),
                          ^
/home/philip/rust-programming/design_patterns/behaviour/visitor_java/src/main/java/com/example/carParts/Car.java:13: error: ';' expected
            new Wheels(""),
                          ^
/home/philip/rust-programming/design_patterns/behaviour/visitor_java/src/main/java/com/example/carParts/Car.java:14: error: ';' expected
            new Wheels(""),
                          ^
/home/philip/rust-programming/design_patterns/behaviour/visitor_java/src/main/java/com/example/carParts/Car.java:15: error: ';' expected
            new Wheels("")
                          ^
5 errors[0m
2023.02.09 06:59:08 WARN  no build target for: /home/philip/rust-programming/design_patterns/behaviour/visitor_java/src/main/java/com/example/carParts/Car.java[0m
2023.02.09 06:59:15 WARN  no build target for: /home/philip/rust-programming/design_patterns/behaviour/visitor_java/src/main/java/com/example/carParts/Car.java[0m
2023.02.09 06:59:18 WARN  no build target for: /home/philip/rust-programming/design_patterns/behaviour/visitor_java/src/main/java/com/example/carParts/Car.java[0m
2023.02.09 06:59:19 WARN  Running javac-semanticdb failed for file:///home/philip/rust-programming/design_patterns/behaviour/visitor_java/src/main/java/com/example/carParts/Car.java. Output:
/home/philip/rust-programming/design_patterns/behaviour/visitor_java/src/main/java/com/example/carParts/Car.java:15: error: '}' expected
            new Wheels("")
                          ^
/home/philip/rust-programming/design_patterns/behaviour/visitor_java/src/main/java/com/example/carParts/Car.java:17: error: '(' or '[' expected
        };
        ^
/home/philip/rust-programming/design_patterns/behaviour/visitor_java/src/main/java/com/example/carParts/Car.java:21: error: class, interface, or enum expected
    public void accept(Visitor visitor) {
           ^
/home/philip/rust-programming/design_patterns/behaviour/visitor_java/src/main/java/com/example/carParts/Car.java:26: error: class, interface, or enum expected
        }
        ^
/home/philip/rust-programming/design_patterns/behaviour/visitor_java/src/main/java/com/example/carParts/Car.java:28: error: class, interface, or enum expected
    }
    ^
5 errors[0m
2023.02.09 06:59:21 WARN  no build target for: /home/philip/rust-programming/design_patterns/behaviour/visitor_java/src/main/java/com/example/carParts/Car.java[0m
2023.02.09 06:59:21 WARN  Running javac-semanticdb failed for file:///home/philip/rust-programming/design_patterns/behaviour/visitor_java/src/main/java/com/example/carParts/Car.java. Output:
/home/philip/rust-programming/design_patterns/behaviour/visitor_java/src/main/java/com/example/carParts/Car.java:15: error: '}' expected
            new Wheels("")
                          ^
/home/philip/rust-programming/design_patterns/behaviour/visitor_java/src/main/java/com/example/carParts/Car.java:16: error: ';' expected
            new Body("")
                        ^
/home/philip/rust-programming/design_patterns/behaviour/visitor_java/src/main/java/com/example/carParts/Car.java:21: error: class, interface, or enum expected
    public void accept(Visitor visitor) {
           ^
/home/philip/rust-programming/design_patterns/behaviour/visitor_java/src/main/java/com/example/carParts/Car.java:26: error: class, interface, or enum expected
        }
        ^
/home/philip/rust-programming/design_patterns/behaviour/visitor_java/src/main/java/com/example/carParts/Car.java:28: error: class, interface, or enum expected
    }
    ^
5 errors[0m
2023.02.09 06:59:25 WARN  no build target for: /home/philip/rust-programming/design_patterns/behaviour/visitor_java/src/main/java/com/example/carParts/Car.java[0m
2023.02.09 06:59:38 WARN  no build target for: /home/philip/rust-programming/design_patterns/behaviour/visitor_java/src/main/java/com/example/carParts/Car.java[0m
2023.02.09 06:59:43 WARN  no build target for: /home/philip/rust-programming/design_patterns/behaviour/visitor_java/src/main/java/com/example/carParts/Car.java[0m
2023.02.09 07:04:03 WARN  no build target for: /home/philip/rust-programming/design_patterns/behaviour/visitor_java/src/main/java/com/example/carParts/Car.java[0m
2023.02.09 07:04:07 WARN  no build target for: /home/philip/rust-programming/design_patterns/behaviour/visitor_java/src/main/java/com/example/carParts/Car.java[0m
2023.02.09 07:04:11 WARN  no build target for: /home/philip/rust-programming/design_patterns/behaviour/visitor_java/src/main/java/com/example/carParts/Car.java[0m
2023.02.09 07:04:13 WARN  no build target for: /home/philip/rust-programming/design_patterns/behaviour/visitor_java/src/main/java/com/example/carParts/Car.java[0m
2023.02.09 07:04:16 WARN  no build target for: /home/philip/rust-programming/design_patterns/behaviour/visitor_java/src/main/java/com/example/carParts/Car.java[0m
2023.02.09 07:04:18 WARN  no build target for: /home/philip/rust-programming/design_patterns/behaviour/visitor_java/src/main/java/com/example/carParts/Car.java[0m
