2023.01.10 16:41:33 INFO  tracing is disabled for protocol LSP, to enable tracing of incoming and outgoing JSON messages create an empty file at /home/philip/rust-programming/design_patterns/behaviour/template_method_java/.metals/lsp.trace.json or /home/philip/.cache/metals/lsp.trace.json[0m
2023.01.10 16:41:37 INFO  logging to file /home/philip/rust-programming/design_patterns/behaviour/template_method_java/.metals/metals.log[0m
2023.01.10 16:41:37 INFO  Started: Metals version 0.11.10 in workspace '/home/philip/rust-programming/design_patterns/behaviour/template_method_java' for client Visual Studio Code 1.74.2.[0m
SLF4J: No SLF4J providers were found.
SLF4J: Defaulting to no-operation (NOP) logger implementation
SLF4J: See https://www.slf4j.org/codes.html#noProviders for further details.
SLF4J: Class path contains SLF4J bindings targeting slf4j-api versions 1.7.x or earlier.
SLF4J: Ignoring binding found at [jar:file:/home/philip/.cache/coursier/v1/https/repo1.maven.org/maven2/com/outr/scribe-slf4j_2.13/3.10.5/scribe-slf4j_2.13-3.10.5.jar!/org/slf4j/impl/StaticLoggerBinder.class]
SLF4J: See https://www.slf4j.org/codes.html#ignoredBindings for an explanation.
2023.01.10 16:41:44 INFO  time: initialize in 7.17s[0m
2023.01.10 16:41:53 WARN  Build server is not auto-connectable.[0m
2023.01.10 16:41:53 WARN  no build target for: /home/philip/rust-programming/design_patterns/behaviour/template_method_java/src/main/java/com/example/App.java[0m
2023.01.10 16:41:56 INFO  time: code lens generation in 3.13s[0m
Jan 10, 2023 4:42:11 PM org.eclipse.lsp4j.jsonrpc.services.GenericEndpoint notify
INFO: Unsupported notification method: $/setTrace
2023.01.10 16:44:18 WARN  no build target for: /home/philip/rust-programming/design_patterns/behaviour/template_method_java/src/main/java/com/example/FIleProcessor.java[0m
2023.01.10 16:44:19 WARN  no build target for: /home/philip/rust-programming/design_patterns/behaviour/template_method_java/src/main/java/com/example/FIleProcessor.java[0m
2023.01.10 16:44:21 INFO  time: code lens generation in 2.52s[0m
2023.01.10 16:44:21 INFO  time: code lens generation in 1.43s[0m
2023.01.10 16:44:21 WARN  no build target for: /home/philip/rust-programming/design_patterns/behaviour/template_method_java/src/main/java/com/example/FIleProcessor.java[0m
2023.01.10 16:44:31 WARN  no build target for: /home/philip/rust-programming/design_patterns/behaviour/template_method_java/src/main/java/com/example/FIleProcessor.java[0m
2023.01.10 16:44:33 WARN  no build target for: /home/philip/rust-programming/design_patterns/behaviour/template_method_java/src/main/java/com/example/FIleProcessor.java[0m
2023.01.10 16:44:35 WARN  Running javac-semanticdb failed for file:///home/philip/rust-programming/design_patterns/behaviour/template_method_java/src/main/java/com/example/FIleProcessor.java. Output:
/home/philip/rust-programming/design_patterns/behaviour/template_method_java/src/main/java/com/example/FIleProcessor.java:7: error: <identifier> expected
    pu
      ^
1 error[0m
2023.01.10 16:44:36 WARN  no build target for: /home/philip/rust-programming/design_patterns/behaviour/template_method_java/src/main/java/com/example/FIleProcessor.java[0m
2023.01.10 16:44:37 WARN  Running javac-semanticdb failed for file:///home/philip/rust-programming/design_patterns/behaviour/template_method_java/src/main/java/com/example/FIleProcessor.java. Output:
/home/philip/rust-programming/design_patterns/behaviour/template_method_java/src/main/java/com/example/FIleProcessor.java:7: error: <identifier> expected
    public final void 
                     ^
/home/philip/rust-programming/design_patterns/behaviour/template_method_java/src/main/java/com/example/FIleProcessor.java:8: error: '(' expected
}
^
2 errors[0m
2023.01.10 16:44:42 WARN  no build target for: /home/philip/rust-programming/design_patterns/behaviour/template_method_java/src/main/java/com/example/FIleProcessor.java[0m
Jan 10, 2023 4:44:43 PM org.eclipse.lsp4j.jsonrpc.RemoteEndpoint handleCancellation
WARNING: Unmatched cancel notification for request id 69
Jan 10, 2023 4:44:43 PM org.eclipse.lsp4j.jsonrpc.RemoteEndpoint handleCancellation
WARNING: Unmatched cancel notification for request id 72
2023.01.10 16:44:44 WARN  Running javac-semanticdb failed for file:///home/philip/rust-programming/design_patterns/behaviour/template_method_java/src/main/java/com/example/FIleProcessor.java. Output:
/home/philip/rust-programming/design_patterns/behaviour/template_method_java/src/main/java/com/example/FIleProcessor.java:7: error: ';' expected
    public final void processFile()
                                   ^
1 error[0m
2023.01.10 16:44:48 WARN  no build target for: /home/philip/rust-programming/design_patterns/behaviour/template_method_java/src/main/java/com/example/FIleProcessor.java[0m
2023.01.10 16:44:50 WARN  Running javac-semanticdb failed for file:///home/philip/rust-programming/design_patterns/behaviour/template_method_java/src/main/java/com/example/FIleProcessor.java. Output:
/home/philip/rust-programming/design_patterns/behaviour/template_method_java/src/main/java/com/example/FIleProcessor.java:7: error: ';' expected
    public final void processFile(String fileNmae)
                                                  ^
1 error[0m
2023.01.10 16:44:50 INFO  time: code lens generation in 1.33s[0m
2023.01.10 16:45:08 WARN  no build target for: /home/philip/rust-programming/design_patterns/behaviour/template_method_java/src/main/java/com/example/FIleProcessor.java[0m
2023.01.10 16:45:09 WARN  Running javac-semanticdb failed for file:///home/philip/rust-programming/design_patterns/behaviour/template_method_java/src/main/java/com/example/FIleProcessor.java. Output:
/home/philip/rust-programming/design_patterns/behaviour/template_method_java/src/main/java/com/example/FIleProcessor.java:7: error: ';' expected
    public final void processFile(String fileaString)
                                                     ^
1 error[0m
Jan 10, 2023 4:45:11 PM org.eclipse.lsp4j.jsonrpc.RemoteEndpoint handleCancellation
WARNING: Unmatched cancel notification for request id 139
2023.01.10 16:45:14 WARN  no build target for: /home/philip/rust-programming/design_patterns/behaviour/template_method_java/src/main/java/com/example/FIleProcessor.java[0m
2023.01.10 16:45:16 INFO  time: code lens generation in 1.76s[0m
2023.01.10 16:45:16 INFO  time: code lens generation in 1.31s[0m
2023.01.10 16:45:18 WARN  no build target for: /home/philip/rust-programming/design_patterns/behaviour/template_method_java/src/main/java/com/example/FIleProcessor.java[0m
2023.01.10 16:45:19 WARN  no build target for: /home/philip/rust-programming/design_patterns/behaviour/template_method_java/src/main/java/com/example/FIleProcessor.java[0m
2023.01.10 16:45:20 WARN  Running javac-semanticdb failed for file:///home/philip/rust-programming/design_patterns/behaviour/template_method_java/src/main/java/com/example/FIleProcessor.java. Output:
/home/philip/rust-programming/design_patterns/behaviour/template_method_java/src/main/java/com/example/FIleProcessor.java:8: error: ';' expected
        openFile(fileName)
                          ^
1 error[0m
2023.01.10 16:45:22 WARN  no build target for: /home/philip/rust-programming/design_patterns/behaviour/template_method_java/src/main/java/com/example/FIleProcessor.java[0m
2023.01.10 16:45:22 WARN  Running javac-semanticdb failed for file:///home/philip/rust-programming/design_patterns/behaviour/template_method_java/src/main/java/com/example/FIleProcessor.java. Output:
/home/philip/rust-programming/design_patterns/behaviour/template_method_java/src/main/java/com/example/FIleProcessor.java:8: error: ';' expected
        openFile(fileName)
                          ^
1 error[0m
2023.01.10 16:45:22 INFO  time: code lens generation in 1.86s[0m
2023.01.10 16:45:23 WARN  no build target for: /home/philip/rust-programming/design_patterns/behaviour/template_method_java/src/main/java/com/example/FIleProcessor.java[0m
2023.01.10 16:45:24 WARN  Running javac-semanticdb failed for file:///home/philip/rust-programming/design_patterns/behaviour/template_method_java/src/main/java/com/example/FIleProcessor.java. Output:
/home/philip/rust-programming/design_patterns/behaviour/template_method_java/src/main/java/com/example/FIleProcessor.java:9: error: not a statement
        read
        ^
/home/philip/rust-programming/design_patterns/behaviour/template_method_java/src/main/java/com/example/FIleProcessor.java:9: error: ';' expected
        read
            ^
2 errors[0m
2023.01.10 16:45:24 INFO  time: code lens generation in 5.23s[0m
2023.01.10 16:45:24 INFO  time: code lens generation in 1.59s[0m
2023.01.10 16:45:24 INFO  time: code lens generation in 3.25s[0m
2023.01.10 16:45:27 WARN  no build target for: /home/philip/rust-programming/design_patterns/behaviour/template_method_java/src/main/java/com/example/FIleProcessor.java[0m
2023.01.10 16:45:41 WARN  no build target for: /home/philip/rust-programming/design_patterns/behaviour/template_method_java/src/main/java/com/example/FIleProcessor.java[0m
2023.01.10 16:45:41 WARN  Running javac-semanticdb failed for file:///home/philip/rust-programming/design_patterns/behaviour/template_method_java/src/main/java/com/example/FIleProcessor.java. Output:
/home/philip/rust-programming/design_patterns/behaviour/template_method_java/src/main/java/com/example/FIleProcessor.java:10: error: not a statement
        proce
        ^
/home/philip/rust-programming/design_patterns/behaviour/template_method_java/src/main/java/com/example/FIleProcessor.java:10: error: ';' expected
        proce
             ^
2 errors[0m
2023.01.10 16:45:43 WARN  Cannot tokenize Java file file:///home/philip/rust-programming/design_patterns/behaviour/template_method_java/src/main/java/com/example/FIleProcessor.javaorg.eclipse.jdt.core.compiler.InvalidInputException: Invalid_Character_Constant
	at org.eclipse.jdt.internal.core.util.PublicScanner.getNextToken(PublicScanner.java:1413)
	at scala.meta.internal.parsing.JavaTokens$.loop$1(JavaTokens.scala:71)
	at scala.meta.internal.parsing.JavaTokens$.$anonfun$tokenize$1(JavaTokens.scala:75)
	at scala.util.Try$.apply(Try.scala:210)
	at scala.meta.internal.parsing.JavaTokens$.tokenize(JavaTokens.scala:35)
	at scala.meta.internal.parsing.TokenEditDistance$.apply(TokenEditDistance.scala:370)
	at scala.meta.internal.metals.Diagnostics.publishDiagnostics(Diagnostics.scala:226)
	at scala.meta.internal.metals.Diagnostics.publishDiagnostics(Diagnostics.scala:188)
	at scala.meta.internal.metals.Diagnostics.didChange(Diagnostics.scala:136)
	at scala.meta.internal.metals.MetalsLanguageServer.didChange(MetalsLanguageServer.scala:1275)
	at jdk.internal.reflect.GeneratedMethodAccessor1.invoke(null)
	at jdk.internal.reflect.DelegatingMethodAccessorImpl.invoke(DelegatingMethodAccessorImpl.java:43)
	at java.lang.reflect.Method.invoke(Method.java:566)
	at org.eclipse.lsp4j.jsonrpc.services.GenericEndpoint.lambda$null$0(GenericEndpoint.java:65)
	at org.eclipse.lsp4j.jsonrpc.services.GenericEndpoint.notify(GenericEndpoint.java:152)
	at org.eclipse.lsp4j.jsonrpc.RemoteEndpoint.handleNotification(RemoteEndpoint.java:220)
	at org.eclipse.lsp4j.jsonrpc.RemoteEndpoint.consume(RemoteEndpoint.java:187)
	at org.eclipse.lsp4j.jsonrpc.json.StreamMessageProducer.handleMessage(StreamMessageProducer.java:194)
	at org.eclipse.lsp4j.jsonrpc.json.StreamMessageProducer.listen(StreamMessageProducer.java:94)
	at org.eclipse.lsp4j.jsonrpc.json.ConcurrentMessageProcessor.run(ConcurrentMessageProcessor.java:113)
	at java.util.concurrent.Executors$RunnableAdapter.call(Executors.java:515)
	at java.util.concurrent.FutureTask.run(FutureTask.java:264)
	at java.util.concurrent.ThreadPoolExecutor.runWorker(ThreadPoolExecutor.java:1128)
	at java.util.concurrent.ThreadPoolExecutor$Worker.run(ThreadPoolExecutor.java:628)
	at java.lang.Thread.run(Thread.java:829)
[0m
Jan 10, 2023 4:45:43 PM org.eclipse.lsp4j.jsonrpc.RemoteEndpoint fallbackResponseError
SEVERE: Internal error: org.eclipse.jdt.core.compiler.InvalidInputException: Invalid_Character_Constant
java.util.concurrent.CompletionException: org.eclipse.jdt.core.compiler.InvalidInputException: Invalid_Character_Constant
	at java.base/java.util.concurrent.CompletableFuture.encodeThrowable(CompletableFuture.java:331)
	at java.base/java.util.concurrent.CompletableFuture.completeThrowable(CompletableFuture.java:346)
	at java.base/java.util.concurrent.CompletableFuture$UniAccept.tryFire(CompletableFuture.java:704)
	at java.base/java.util.concurrent.CompletableFuture.postComplete(CompletableFuture.java:506)
	at java.base/java.util.concurrent.CompletableFuture.completeExceptionally(CompletableFuture.java:2088)
	at scala.meta.internal.metals.CancelTokens$.$anonfun$future$1(CancelTokens.scala:40)
	at scala.meta.internal.metals.CancelTokens$.$anonfun$future$1$adapted(CancelTokens.scala:38)
	at scala.concurrent.impl.Promise$Transformation.run(Promise.scala:484)
	at java.base/java.util.concurrent.ThreadPoolExecutor.runWorker(ThreadPoolExecutor.java:1128)
	at java.base/java.util.concurrent.ThreadPoolExecutor$Worker.run(ThreadPoolExecutor.java:628)
	at java.base/java.lang.Thread.run(Thread.java:829)
Caused by: org.eclipse.jdt.core.compiler.InvalidInputException: Invalid_Character_Constant
	at org.eclipse.jdt.internal.core.util.PublicScanner.getNextToken(PublicScanner.java:1413)
	at scala.meta.internal.parsing.JavaFoldingRangeExtractor.next$1(JavaFoldingRangeExtractor.scala:100)
	at scala.meta.internal.parsing.JavaFoldingRangeExtractor.gather$1(JavaFoldingRangeExtractor.scala:147)
	at scala.meta.internal.parsing.JavaFoldingRangeExtractor.extract(JavaFoldingRangeExtractor.scala:155)
	at scala.meta.internal.parsing.FoldingRangeProvider.$anonfun$getRangedForJava$2(FoldingRangeProvider.scala:54)
	at scala.Option$WithFilter.map(Option.scala:242)
	at scala.meta.internal.parsing.FoldingRangeProvider.getRangedForJava(FoldingRangeProvider.scala:49)
	at scala.meta.internal.metals.MetalsLanguageServer.$anonfun$foldingRange$3(MetalsLanguageServer.scala:1809)
	at scala.concurrent.Future$.$anonfun$apply$1(Future.scala:678)
	at scala.concurrent.impl.Promise$Transformation.run(Promise.scala:467)
	... 3 more

2023.01.10 16:45:43 WARN  Cannot tokenize Java file file:///home/philip/rust-programming/design_patterns/behaviour/template_method_java/src/main/java/com/example/FIleProcessor.javaorg.eclipse.jdt.core.compiler.InvalidInputException: Invalid_Character_Constant
	at org.eclipse.jdt.internal.core.util.PublicScanner.getNextToken(PublicScanner.java:1413)
	at scala.meta.internal.parsing.JavaTokens$.loop$1(JavaTokens.scala:71)
	at scala.meta.internal.parsing.JavaTokens$.$anonfun$tokenize$1(JavaTokens.scala:75)
	at scala.util.Try$.apply(Try.scala:210)
	at scala.meta.internal.parsing.JavaTokens$.tokenize(JavaTokens.scala:35)
	at scala.meta.internal.parsing.TokenEditDistance$.apply(TokenEditDistance.scala:370)
	at scala.meta.internal.metals.Buffers.tokenEditDistance(Buffers.scala:30)
	at scala.meta.internal.metals.codelenses.RunTestCodeLens.codeLenses(RunTestCodeLens.scala:60)
	at scala.meta.internal.metals.CodeLensProvider.$anonfun$findLenses$3(CodeLensProvider.scala:26)
	at scala.collection.immutable.List.flatMap(List.scala:293)
	at scala.meta.internal.metals.CodeLensProvider.$anonfun$findLenses$2(CodeLensProvider.scala:26)
	at scala.Option.map(Option.scala:242)
	at scala.meta.internal.metals.CodeLensProvider.findLenses(CodeLensProvider.scala:24)
	at scala.meta.internal.metals.MetalsLanguageServer.$anonfun$codeLens$2(MetalsLanguageServer.scala:1793)
	at scala.meta.internal.metals.TimerProvider.timedThunk(TimerProvider.scala:25)
	at scala.meta.internal.metals.MetalsLanguageServer.$anonfun$codeLens$1(MetalsLanguageServer.scala:1791)
	at scala.meta.internal.metals.CancelTokens$.$anonfun$apply$2(CancelTokens.scala:26)
	at scala.concurrent.Future$.$anonfun$apply$1(Future.scala:678)
	at scala.concurrent.impl.Promise$Transformation.run(Promise.scala:467)
	at java.util.concurrent.ThreadPoolExecutor.runWorker(ThreadPoolExecutor.java:1128)
	at java.util.concurrent.ThreadPoolExecutor$Worker.run(ThreadPoolExecutor.java:628)
	at java.lang.Thread.run(Thread.java:829)
[0m
2023.01.10 16:45:43 WARN  Cannot tokenize Java file file:///home/philip/rust-programming/design_patterns/behaviour/template_method_java/src/main/java/com/example/FIleProcessor.javaorg.eclipse.jdt.core.compiler.InvalidInputException: Invalid_Character_Constant
	at org.eclipse.jdt.internal.core.util.PublicScanner.getNextToken(PublicScanner.java:1413)
	at scala.meta.internal.parsing.JavaTokens$.loop$1(JavaTokens.scala:71)
	at scala.meta.internal.parsing.JavaTokens$.$anonfun$tokenize$1(JavaTokens.scala:75)
	at scala.util.Try$.apply(Try.scala:210)
	at scala.meta.internal.parsing.JavaTokens$.tokenize(JavaTokens.scala:35)
	at scala.meta.internal.parsing.TokenEditDistance$.apply(TokenEditDistance.scala:370)
	at scala.meta.internal.metals.Buffers.tokenEditDistance(Buffers.scala:30)
	at scala.meta.internal.metals.codelenses.SuperMethodCodeLens.codeLenses(SuperMethodCodeLens.scala:36)
	at scala.meta.internal.metals.CodeLensProvider.$anonfun$findLenses$3(CodeLensProvider.scala:26)
	at scala.collection.immutable.List.flatMap(List.scala:293)
	at scala.meta.internal.metals.CodeLensProvider.$anonfun$findLenses$2(CodeLensProvider.scala:26)
	at scala.Option.map(Option.scala:242)
	at scala.meta.internal.metals.CodeLensProvider.findLenses(CodeLensProvider.scala:24)
	at scala.meta.internal.metals.MetalsLanguageServer.$anonfun$codeLens$2(MetalsLanguageServer.scala:1793)
	at scala.meta.internal.metals.TimerProvider.timedThunk(TimerProvider.scala:25)
	at scala.meta.internal.metals.MetalsLanguageServer.$anonfun$codeLens$1(MetalsLanguageServer.scala:1791)
	at scala.meta.internal.metals.CancelTokens$.$anonfun$apply$2(CancelTokens.scala:26)
	at scala.concurrent.Future$.$anonfun$apply$1(Future.scala:678)
	at scala.concurrent.impl.Promise$Transformation.run(Promise.scala:467)
	at java.util.concurrent.ThreadPoolExecutor.runWorker(ThreadPoolExecutor.java:1128)
	at java.util.concurrent.ThreadPoolExecutor$Worker.run(ThreadPoolExecutor.java:628)
	at java.lang.Thread.run(Thread.java:829)
[0m
2023.01.10 16:45:43 WARN  Cannot tokenize Java file file:///home/philip/rust-programming/design_patterns/behaviour/template_method_java/src/main/java/com/example/FIleProcessor.javaorg.eclipse.jdt.core.compiler.InvalidInputException: Invalid_Character_Constant
	at org.eclipse.jdt.internal.core.util.PublicScanner.getNextToken(PublicScanner.java:1413)
	at scala.meta.internal.parsing.JavaTokens$.loop$1(JavaTokens.scala:71)
	at scala.meta.internal.parsing.JavaTokens$.$anonfun$tokenize$1(JavaTokens.scala:75)
	at scala.util.Try$.apply(Try.scala:210)
	at scala.meta.internal.parsing.JavaTokens$.tokenize(JavaTokens.scala:35)
	at scala.meta.internal.parsing.TokenEditDistance$.apply(TokenEditDistance.scala:370)
	at scala.meta.internal.metals.Diagnostics.publishDiagnostics(Diagnostics.scala:226)
	at scala.meta.internal.metals.Diagnostics.publishDiagnostics(Diagnostics.scala:188)
	at scala.meta.internal.metals.Diagnostics.didChange(Diagnostics.scala:136)
	at scala.meta.internal.metals.MetalsLanguageServer.didChange(MetalsLanguageServer.scala:1275)
	at jdk.internal.reflect.GeneratedMethodAccessor1.invoke(null)
	at jdk.internal.reflect.DelegatingMethodAccessorImpl.invoke(DelegatingMethodAccessorImpl.java:43)
	at java.lang.reflect.Method.invoke(Method.java:566)
	at org.eclipse.lsp4j.jsonrpc.services.GenericEndpoint.lambda$null$0(GenericEndpoint.java:65)
	at org.eclipse.lsp4j.jsonrpc.services.GenericEndpoint.notify(GenericEndpoint.java:152)
	at org.eclipse.lsp4j.jsonrpc.RemoteEndpoint.handleNotification(RemoteEndpoint.java:220)
	at org.eclipse.lsp4j.jsonrpc.RemoteEndpoint.consume(RemoteEndpoint.java:187)
	at org.eclipse.lsp4j.jsonrpc.json.StreamMessageProducer.handleMessage(StreamMessageProducer.java:194)
	at org.eclipse.lsp4j.jsonrpc.json.StreamMessageProducer.listen(StreamMessageProducer.java:94)
	at org.eclipse.lsp4j.jsonrpc.json.ConcurrentMessageProcessor.run(ConcurrentMessageProcessor.java:113)
	at java.util.concurrent.Executors$RunnableAdapter.call(Executors.java:515)
	at java.util.concurrent.FutureTask.run(FutureTask.java:264)
	at java.util.concurrent.ThreadPoolExecutor.runWorker(ThreadPoolExecutor.java:1128)
	at java.util.concurrent.ThreadPoolExecutor$Worker.run(ThreadPoolExecutor.java:628)
	at java.lang.Thread.run(Thread.java:829)
[0m
Jan 10, 2023 4:45:44 PM org.eclipse.lsp4j.jsonrpc.RemoteEndpoint fallbackResponseError
SEVERE: Internal error: org.eclipse.jdt.core.compiler.InvalidInputException: Invalid_Character_Constant
java.util.concurrent.CompletionException: org.eclipse.jdt.core.compiler.InvalidInputException: Invalid_Character_Constant
	at java.base/java.util.concurrent.CompletableFuture.encodeThrowable(CompletableFuture.java:331)
	at java.base/java.util.concurrent.CompletableFuture.completeThrowable(CompletableFuture.java:346)
	at java.base/java.util.concurrent.CompletableFuture$UniAccept.tryFire(CompletableFuture.java:704)
	at java.base/java.util.concurrent.CompletableFuture.postComplete(CompletableFuture.java:506)
	at java.base/java.util.concurrent.CompletableFuture.completeExceptionally(CompletableFuture.java:2088)
	at scala.meta.internal.metals.CancelTokens$.$anonfun$future$1(CancelTokens.scala:40)
	at scala.meta.internal.metals.CancelTokens$.$anonfun$future$1$adapted(CancelTokens.scala:38)
	at scala.concurrent.impl.Promise$Transformation.run(Promise.scala:484)
	at java.base/java.util.concurrent.ThreadPoolExecutor.runWorker(ThreadPoolExecutor.java:1128)
	at java.base/java.util.concurrent.ThreadPoolExecutor$Worker.run(ThreadPoolExecutor.java:628)
	at java.base/java.lang.Thread.run(Thread.java:829)
Caused by: org.eclipse.jdt.core.compiler.InvalidInputException: Invalid_Character_Constant
	at org.eclipse.jdt.internal.core.util.PublicScanner.getNextToken(PublicScanner.java:1413)
	at scala.meta.internal.parsing.JavaFoldingRangeExtractor.next$1(JavaFoldingRangeExtractor.scala:100)
	at scala.meta.internal.parsing.JavaFoldingRangeExtractor.gather$1(JavaFoldingRangeExtractor.scala:147)
	at scala.meta.internal.parsing.JavaFoldingRangeExtractor.extract(JavaFoldingRangeExtractor.scala:155)
	at scala.meta.internal.parsing.FoldingRangeProvider.$anonfun$getRangedForJava$2(FoldingRangeProvider.scala:54)
	at scala.Option$WithFilter.map(Option.scala:242)
	at scala.meta.internal.parsing.FoldingRangeProvider.getRangedForJava(FoldingRangeProvider.scala:49)
	at scala.meta.internal.metals.MetalsLanguageServer.$anonfun$foldingRange$3(MetalsLanguageServer.scala:1809)
	at scala.concurrent.Future$.$anonfun$apply$1(Future.scala:678)
	at scala.concurrent.impl.Promise$Transformation.run(Promise.scala:467)
	... 3 more

2023.01.10 16:45:43 WARN  Cannot tokenize Java file file:///home/philip/rust-programming/design_patterns/behaviour/template_method_java/src/main/java/com/example/FIleProcessor.javaorg.eclipse.jdt.core.compiler.InvalidInputException: Invalid_Character_Constant
	at org.eclipse.jdt.internal.core.util.PublicScanner.getNextToken(PublicScanner.java:1413)
	at scala.meta.internal.parsing.JavaTokens$.loop$1(JavaTokens.scala:71)
	at scala.meta.internal.parsing.JavaTokens$.$anonfun$tokenize$1(JavaTokens.scala:75)
	at scala.util.Try$.apply(Try.scala:210)
	at scala.meta.internal.parsing.JavaTokens$.tokenize(JavaTokens.scala:35)
	at scala.meta.internal.parsing.TokenEditDistance$.apply(TokenEditDistance.scala:370)
	at scala.meta.internal.metals.Diagnostics.publishDiagnostics(Diagnostics.scala:226)
	at scala.meta.internal.metals.Diagnostics.publishDiagnostics(Diagnostics.scala:188)
	at scala.meta.internal.metals.Diagnostics.didChange(Diagnostics.scala:136)
	at scala.meta.internal.metals.MetalsLanguageServer.didChange(MetalsLanguageServer.scala:1275)
	at jdk.internal.reflect.GeneratedMethodAccessor1.invoke(null)
	at jdk.internal.reflect.DelegatingMethodAccessorImpl.invoke(DelegatingMethodAccessorImpl.java:43)
	at java.lang.reflect.Method.invoke(Method.java:566)
	at org.eclipse.lsp4j.jsonrpc.services.GenericEndpoint.lambda$null$0(GenericEndpoint.java:65)
	at org.eclipse.lsp4j.jsonrpc.services.GenericEndpoint.notify(GenericEndpoint.java:152)
	at org.eclipse.lsp4j.jsonrpc.RemoteEndpoint.handleNotification(RemoteEndpoint.java:220)
	at org.eclipse.lsp4j.jsonrpc.RemoteEndpoint.consume(RemoteEndpoint.java:187)
	at org.eclipse.lsp4j.jsonrpc.json.StreamMessageProducer.handleMessage(StreamMessageProducer.java:194)
	at org.eclipse.lsp4j.jsonrpc.json.StreamMessageProducer.listen(StreamMessageProducer.java:94)
	at org.eclipse.lsp4j.jsonrpc.json.ConcurrentMessageProcessor.run(ConcurrentMessageProcessor.java:113)
	at java.util.concurrent.Executors$RunnableAdapter.call(Executors.java:515)
	at java.util.concurrent.FutureTask.run(FutureTask.java:264)
	at java.util.concurrent.ThreadPoolExecutor.runWorker(ThreadPoolExecutor.java:1128)
	at java.util.concurrent.ThreadPoolExecutor$Worker.run(ThreadPoolExecutor.java:628)
	at java.lang.Thread.run(Thread.java:829)
[0m
Jan 10, 2023 4:45:44 PM org.eclipse.lsp4j.jsonrpc.RemoteEndpoint fallbackResponseError
SEVERE: Internal error: org.eclipse.jdt.core.compiler.InvalidInputException: Invalid_Character_Constant
java.util.concurrent.CompletionException: org.eclipse.jdt.core.compiler.InvalidInputException: Invalid_Character_Constant
	at java.base/java.util.concurrent.CompletableFuture.encodeThrowable(CompletableFuture.java:331)
	at java.base/java.util.concurrent.CompletableFuture.completeThrowable(CompletableFuture.java:346)
	at java.base/java.util.concurrent.CompletableFuture$UniAccept.tryFire(CompletableFuture.java:704)
	at java.base/java.util.concurrent.CompletableFuture.postComplete(CompletableFuture.java:506)
	at java.base/java.util.concurrent.CompletableFuture.completeExceptionally(CompletableFuture.java:2088)
	at scala.meta.internal.metals.CancelTokens$.$anonfun$future$1(CancelTokens.scala:40)
	at scala.meta.internal.metals.CancelTokens$.$anonfun$future$1$adapted(CancelTokens.scala:38)
	at scala.concurrent.impl.Promise$Transformation.run(Promise.scala:484)
	at java.base/java.util.concurrent.ThreadPoolExecutor.runWorker(ThreadPoolExecutor.java:1128)
	at java.base/java.util.concurrent.ThreadPoolExecutor$Worker.run(ThreadPoolExecutor.java:628)
	at java.base/java.lang.Thread.run(Thread.java:829)
Caused by: org.eclipse.jdt.core.compiler.InvalidInputException: Invalid_Character_Constant
	at org.eclipse.jdt.internal.core.util.PublicScanner.getNextToken(PublicScanner.java:1413)
	at scala.meta.internal.parsing.JavaFoldingRangeExtractor.next$1(JavaFoldingRangeExtractor.scala:100)
	at scala.meta.internal.parsing.JavaFoldingRangeExtractor.gather$1(JavaFoldingRangeExtractor.scala:147)
	at scala.meta.internal.parsing.JavaFoldingRangeExtractor.extract(JavaFoldingRangeExtractor.scala:155)
	at scala.meta.internal.parsing.FoldingRangeProvider.$anonfun$getRangedForJava$2(FoldingRangeProvider.scala:54)
	at scala.Option$WithFilter.map(Option.scala:242)
	at scala.meta.internal.parsing.FoldingRangeProvider.getRangedForJava(FoldingRangeProvider.scala:49)
	at scala.meta.internal.metals.MetalsLanguageServer.$anonfun$foldingRange$3(MetalsLanguageServer.scala:1809)
	at scala.concurrent.Future$.$anonfun$apply$1(Future.scala:678)
	at scala.concurrent.impl.Promise$Transformation.run(Promise.scala:467)
	... 3 more

2023.01.10 16:45:44 WARN  Cannot tokenize Java file file:///home/philip/rust-programming/design_patterns/behaviour/template_method_java/src/main/java/com/example/FIleProcessor.javaorg.eclipse.jdt.core.compiler.InvalidInputException: Invalid_Character_Constant
	at org.eclipse.jdt.internal.core.util.PublicScanner.getNextToken(PublicScanner.java:1413)
	at scala.meta.internal.parsing.JavaTokens$.loop$1(JavaTokens.scala:71)
	at scala.meta.internal.parsing.JavaTokens$.$anonfun$tokenize$1(JavaTokens.scala:75)
	at scala.util.Try$.apply(Try.scala:210)
	at scala.meta.internal.parsing.JavaTokens$.tokenize(JavaTokens.scala:35)
	at scala.meta.internal.parsing.TokenEditDistance$.apply(TokenEditDistance.scala:370)
	at scala.meta.internal.metals.Buffers.tokenEditDistance(Buffers.scala:30)
	at scala.meta.internal.metals.codelenses.RunTestCodeLens.codeLenses(RunTestCodeLens.scala:60)
	at scala.meta.internal.metals.CodeLensProvider.$anonfun$findLenses$3(CodeLensProvider.scala:26)
	at scala.collection.immutable.List.flatMap(List.scala:293)
	at scala.meta.internal.metals.CodeLensProvider.$anonfun$findLenses$2(CodeLensProvider.scala:26)
	at scala.Option.map(Option.scala:242)
	at scala.meta.internal.metals.CodeLensProvider.findLenses(CodeLensProvider.scala:24)
	at scala.meta.internal.metals.MetalsLanguageServer.$anonfun$codeLens$2(MetalsLanguageServer.scala:1793)
	at scala.meta.internal.metals.TimerProvider.timedThunk(TimerProvider.scala:25)
	at scala.meta.internal.metals.MetalsLanguageServer.$anonfun$codeLens$1(MetalsLanguageServer.scala:1791)
	at scala.meta.internal.metals.CancelTokens$.$anonfun$apply$2(CancelTokens.scala:26)
	at scala.concurrent.Future$.$anonfun$apply$1(Future.scala:678)
	at scala.concurrent.impl.Promise$Transformation.run(Promise.scala:467)
	at java.util.concurrent.ThreadPoolExecutor.runWorker(ThreadPoolExecutor.java:1128)
	at java.util.concurrent.ThreadPoolExecutor$Worker.run(ThreadPoolExecutor.java:628)
	at java.lang.Thread.run(Thread.java:829)
[0m
2023.01.10 16:45:44 WARN  Cannot tokenize Java file file:///home/philip/rust-programming/design_patterns/behaviour/template_method_java/src/main/java/com/example/FIleProcessor.javaorg.eclipse.jdt.core.compiler.InvalidInputException: Invalid_Character_Constant
	at org.eclipse.jdt.internal.core.util.PublicScanner.getNextToken(PublicScanner.java:1413)
	at scala.meta.internal.parsing.JavaTokens$.loop$1(JavaTokens.scala:71)
	at scala.meta.internal.parsing.JavaTokens$.$anonfun$tokenize$1(JavaTokens.scala:75)
	at scala.util.Try$.apply(Try.scala:210)
	at scala.meta.internal.parsing.JavaTokens$.tokenize(JavaTokens.scala:35)
	at scala.meta.internal.parsing.TokenEditDistance$.apply(TokenEditDistance.scala:370)
	at scala.meta.internal.metals.Buffers.tokenEditDistance(Buffers.scala:30)
	at scala.meta.internal.metals.codelenses.SuperMethodCodeLens.codeLenses(SuperMethodCodeLens.scala:36)
	at scala.meta.internal.metals.CodeLensProvider.$anonfun$findLenses$3(CodeLensProvider.scala:26)
	at scala.collection.immutable.List.flatMap(List.scala:293)
	at scala.meta.internal.metals.CodeLensProvider.$anonfun$findLenses$2(CodeLensProvider.scala:26)
	at scala.Option.map(Option.scala:242)
	at scala.meta.internal.metals.CodeLensProvider.findLenses(CodeLensProvider.scala:24)
	at scala.meta.internal.metals.MetalsLanguageServer.$anonfun$codeLens$2(MetalsLanguageServer.scala:1793)
	at scala.meta.internal.metals.TimerProvider.timedThunk(TimerProvider.scala:25)
	at scala.meta.internal.metals.MetalsLanguageServer.$anonfun$codeLens$1(MetalsLanguageServer.scala:1791)
	at scala.meta.internal.metals.CancelTokens$.$anonfun$apply$2(CancelTokens.scala:26)
	at scala.concurrent.Future$.$anonfun$apply$1(Future.scala:678)
	at scala.concurrent.impl.Promise$Transformation.run(Promise.scala:467)
	at java.util.concurrent.ThreadPoolExecutor.runWorker(ThreadPoolExecutor.java:1128)
	at java.util.concurrent.ThreadPoolExecutor$Worker.run(ThreadPoolExecutor.java:628)
	at java.lang.Thread.run(Thread.java:829)
[0m
2023.01.10 16:45:44 WARN  Cannot tokenize Java file file:///home/philip/rust-programming/design_patterns/behaviour/template_method_java/src/main/java/com/example/FIleProcessor.javaorg.eclipse.jdt.core.compiler.InvalidInputException: Invalid_Character_Constant
	at org.eclipse.jdt.internal.core.util.PublicScanner.getNextToken(PublicScanner.java:1442)
	at scala.meta.internal.parsing.JavaTokens$.loop$1(JavaTokens.scala:71)
	at scala.meta.internal.parsing.JavaTokens$.$anonfun$tokenize$1(JavaTokens.scala:75)
	at scala.util.Try$.apply(Try.scala:210)
	at scala.meta.internal.parsing.JavaTokens$.tokenize(JavaTokens.scala:35)
	at scala.meta.internal.parsing.TokenEditDistance$.apply(TokenEditDistance.scala:370)
	at scala.meta.internal.metals.Diagnostics.publishDiagnostics(Diagnostics.scala:226)
	at scala.meta.internal.metals.Diagnostics.publishDiagnostics(Diagnostics.scala:188)
	at scala.meta.internal.metals.Diagnostics.didChange(Diagnostics.scala:136)
	at scala.meta.internal.metals.MetalsLanguageServer.didChange(MetalsLanguageServer.scala:1275)
	at jdk.internal.reflect.GeneratedMethodAccessor1.invoke(null)
	at jdk.internal.reflect.DelegatingMethodAccessorImpl.invoke(DelegatingMethodAccessorImpl.java:43)
	at java.lang.reflect.Method.invoke(Method.java:566)
	at org.eclipse.lsp4j.jsonrpc.services.GenericEndpoint.lambda$null$0(GenericEndpoint.java:65)
	at org.eclipse.lsp4j.jsonrpc.services.GenericEndpoint.notify(GenericEndpoint.java:152)
	at org.eclipse.lsp4j.jsonrpc.RemoteEndpoint.handleNotification(RemoteEndpoint.java:220)
	at org.eclipse.lsp4j.jsonrpc.RemoteEndpoint.consume(RemoteEndpoint.java:187)
	at org.eclipse.lsp4j.jsonrpc.json.StreamMessageProducer.handleMessage(StreamMessageProducer.java:194)
	at org.eclipse.lsp4j.jsonrpc.json.StreamMessageProducer.listen(StreamMessageProducer.java:94)
	at org.eclipse.lsp4j.jsonrpc.json.ConcurrentMessageProcessor.run(ConcurrentMessageProcessor.java:113)
	at java.util.concurrent.Executors$RunnableAdapter.call(Executors.java:515)
	at java.util.concurrent.FutureTask.run(FutureTask.java:264)
	at java.util.concurrent.ThreadPoolExecutor.runWorker(ThreadPoolExecutor.java:1128)
	at java.util.concurrent.ThreadPoolExecutor$Worker.run(ThreadPoolExecutor.java:628)
	at java.lang.Thread.run(Thread.java:829)
[0m
Jan 10, 2023 4:45:44 PM org.eclipse.lsp4j.jsonrpc.RemoteEndpoint fallbackResponseError
SEVERE: Internal error: org.eclipse.jdt.core.compiler.InvalidInputException: Invalid_Character_Constant
java.util.concurrent.CompletionException: org.eclipse.jdt.core.compiler.InvalidInputException: Invalid_Character_Constant
	at java.base/java.util.concurrent.CompletableFuture.encodeThrowable(CompletableFuture.java:331)
	at java.base/java.util.concurrent.CompletableFuture.completeThrowable(CompletableFuture.java:346)
	at java.base/java.util.concurrent.CompletableFuture$UniAccept.tryFire(CompletableFuture.java:704)
	at java.base/java.util.concurrent.CompletableFuture.postComplete(CompletableFuture.java:506)
	at java.base/java.util.concurrent.CompletableFuture.completeExceptionally(CompletableFuture.java:2088)
	at scala.meta.internal.metals.CancelTokens$.$anonfun$future$1(CancelTokens.scala:40)
	at scala.meta.internal.metals.CancelTokens$.$anonfun$future$1$adapted(CancelTokens.scala:38)
	at scala.concurrent.impl.Promise$Transformation.run(Promise.scala:484)
	at java.base/java.util.concurrent.ThreadPoolExecutor.runWorker(ThreadPoolExecutor.java:1128)
	at java.base/java.util.concurrent.ThreadPoolExecutor$Worker.run(ThreadPoolExecutor.java:628)
	at java.base/java.lang.Thread.run(Thread.java:829)
Caused by: org.eclipse.jdt.core.compiler.InvalidInputException: Invalid_Character_Constant
	at org.eclipse.jdt.internal.core.util.PublicScanner.getNextToken(PublicScanner.java:1442)
	at scala.meta.internal.parsing.JavaFoldingRangeExtractor.next$1(JavaFoldingRangeExtractor.scala:100)
	at scala.meta.internal.parsing.JavaFoldingRangeExtractor.gather$1(JavaFoldingRangeExtractor.scala:147)
	at scala.meta.internal.parsing.JavaFoldingRangeExtractor.extract(JavaFoldingRangeExtractor.scala:155)
	at scala.meta.internal.parsing.FoldingRangeProvider.$anonfun$getRangedForJava$2(FoldingRangeProvider.scala:54)
	at scala.Option$WithFilter.map(Option.scala:242)
	at scala.meta.internal.parsing.FoldingRangeProvider.getRangedForJava(FoldingRangeProvider.scala:49)
	at scala.meta.internal.metals.MetalsLanguageServer.$anonfun$foldingRange$3(MetalsLanguageServer.scala:1809)
	at scala.concurrent.Future$.$anonfun$apply$1(Future.scala:678)
	at scala.concurrent.impl.Promise$Transformation.run(Promise.scala:467)
	... 3 more

2023.01.10 16:45:44 WARN  Cannot tokenize Java file file:///home/philip/rust-programming/design_patterns/behaviour/template_method_java/src/main/java/com/example/FIleProcessor.javaorg.eclipse.jdt.core.compiler.InvalidInputException: Invalid_Character_Constant
	at org.eclipse.jdt.internal.core.util.PublicScanner.getNextToken(PublicScanner.java:1442)
	at scala.meta.internal.parsing.JavaTokens$.loop$1(JavaTokens.scala:71)
	at scala.meta.internal.parsing.JavaTokens$.$anonfun$tokenize$1(JavaTokens.scala:75)
	at scala.util.Try$.apply(Try.scala:210)
	at scala.meta.internal.parsing.JavaTokens$.tokenize(JavaTokens.scala:35)
	at scala.meta.internal.parsing.TokenEditDistance$.apply(TokenEditDistance.scala:370)
	at scala.meta.internal.metals.Buffers.tokenEditDistance(Buffers.scala:30)
	at scala.meta.internal.metals.codelenses.RunTestCodeLens.codeLenses(RunTestCodeLens.scala:60)
	at scala.meta.internal.metals.CodeLensProvider.$anonfun$findLenses$3(CodeLensProvider.scala:26)
	at scala.collection.immutable.List.flatMap(List.scala:293)
	at scala.meta.internal.metals.CodeLensProvider.$anonfun$findLenses$2(CodeLensProvider.scala:26)
	at scala.Option.map(Option.scala:242)
	at scala.meta.internal.metals.CodeLensProvider.findLenses(CodeLensProvider.scala:24)
	at scala.meta.internal.metals.MetalsLanguageServer.$anonfun$codeLens$2(MetalsLanguageServer.scala:1793)
	at scala.meta.internal.metals.TimerProvider.timedThunk(TimerProvider.scala:25)
	at scala.meta.internal.metals.MetalsLanguageServer.$anonfun$codeLens$1(MetalsLanguageServer.scala:1791)
	at scala.meta.internal.metals.CancelTokens$.$anonfun$apply$2(CancelTokens.scala:26)
	at scala.concurrent.Future$.$anonfun$apply$1(Future.scala:678)
	at scala.concurrent.impl.Promise$Transformation.run(Promise.scala:467)
	at java.util.concurrent.ThreadPoolExecutor.runWorker(ThreadPoolExecutor.java:1128)
	at java.util.concurrent.ThreadPoolExecutor$Worker.run(ThreadPoolExecutor.java:628)
	at java.lang.Thread.run(Thread.java:829)
[0m
2023.01.10 16:45:44 WARN  Cannot tokenize Java file file:///home/philip/rust-programming/design_patterns/behaviour/template_method_java/src/main/java/com/example/FIleProcessor.javaorg.eclipse.jdt.core.compiler.InvalidInputException: Invalid_Character_Constant
	at org.eclipse.jdt.internal.core.util.PublicScanner.getNextToken(PublicScanner.java:1442)
	at scala.meta.internal.parsing.JavaTokens$.loop$1(JavaTokens.scala:71)
	at scala.meta.internal.parsing.JavaTokens$.$anonfun$tokenize$1(JavaTokens.scala:75)
	at scala.util.Try$.apply(Try.scala:210)
	at scala.meta.internal.parsing.JavaTokens$.tokenize(JavaTokens.scala:35)
	at scala.meta.internal.parsing.TokenEditDistance$.apply(TokenEditDistance.scala:370)
	at scala.meta.internal.metals.Buffers.tokenEditDistance(Buffers.scala:30)
	at scala.meta.internal.metals.codelenses.SuperMethodCodeLens.codeLenses(SuperMethodCodeLens.scala:36)
	at scala.meta.internal.metals.CodeLensProvider.$anonfun$findLenses$3(CodeLensProvider.scala:26)
	at scala.collection.immutable.List.flatMap(List.scala:293)
	at scala.meta.internal.metals.CodeLensProvider.$anonfun$findLenses$2(CodeLensProvider.scala:26)
	at scala.Option.map(Option.scala:242)
	at scala.meta.internal.metals.CodeLensProvider.findLenses(CodeLensProvider.scala:24)
	at scala.meta.internal.metals.MetalsLanguageServer.$anonfun$codeLens$2(MetalsLanguageServer.scala:1793)
	at scala.meta.internal.metals.TimerProvider.timedThunk(TimerProvider.scala:25)
	at scala.meta.internal.metals.MetalsLanguageServer.$anonfun$codeLens$1(MetalsLanguageServer.scala:1791)
	at scala.meta.internal.metals.CancelTokens$.$anonfun$apply$2(CancelTokens.scala:26)
	at scala.concurrent.Future$.$anonfun$apply$1(Future.scala:678)
	at scala.concurrent.impl.Promise$Transformation.run(Promise.scala:467)
	at java.util.concurrent.ThreadPoolExecutor.runWorker(ThreadPoolExecutor.java:1128)
	at java.util.concurrent.ThreadPoolExecutor$Worker.run(ThreadPoolExecutor.java:628)
	at java.lang.Thread.run(Thread.java:829)
[0m
2023.01.10 16:45:46 WARN  no build target for: /home/philip/rust-programming/design_patterns/behaviour/template_method_java/src/main/java/com/example/FIleProcessor.java[0m
2023.01.10 16:46:31 WARN  no build target for: /home/philip/rust-programming/design_patterns/behaviour/template_method_java/src/main/java/com/example/FIleProcessor.java[0m
2023.01.10 16:46:33 WARN  Running javac-semanticdb failed for file:///home/philip/rust-programming/design_patterns/behaviour/template_method_java/src/main/java/com/example/FIleProcessor.java. Output:
/home/philip/rust-programming/design_patterns/behaviour/template_method_java/src/main/java/com/example/FIleProcessor.java:11: error: not a statement
        clo
        ^
/home/philip/rust-programming/design_patterns/behaviour/template_method_java/src/main/java/com/example/FIleProcessor.java:11: error: ';' expected
        clo
           ^
2 errors[0m
2023.01.10 16:46:33 INFO  time: code lens generation in 1.22s[0m
2023.01.10 16:46:35 WARN  no build target for: /home/philip/rust-programming/design_patterns/behaviour/template_method_java/src/main/java/com/example/FIleProcessor.java[0m
2023.01.10 16:46:38 WARN  no build target for: /home/philip/rust-programming/design_patterns/behaviour/template_method_java/src/main/java/com/example/FIleProcessor.java[0m
2023.01.10 16:46:39 INFO  time: code lens generation in 2.21s[0m
2023.01.10 16:46:39 INFO  time: code lens generation in 3.17s[0m
2023.01.10 16:46:39 INFO  time: code lens generation in 1.12s[0m
2023.01.10 16:46:40 WARN  no build target for: /home/philip/rust-programming/design_patterns/behaviour/template_method_java/src/main/java/com/example/FIleProcessor.java[0m
Jan 10, 2023 4:46:42 PM org.eclipse.lsp4j.jsonrpc.RemoteEndpoint handleCancellation
WARNING: Unmatched cancel notification for request id 281
2023.01.10 16:46:43 WARN  no build target for: /home/philip/rust-programming/design_patterns/behaviour/template_method_java/src/main/java/com/example/FIleProcessor.java[0m
2023.01.10 16:46:45 WARN  no build target for: /home/philip/rust-programming/design_patterns/behaviour/template_method_java/src/main/java/com/example/FIleProcessor.java[0m
2023.01.10 16:46:47 WARN  no build target for: /home/philip/rust-programming/design_patterns/behaviour/template_method_java/src/main/java/com/example/FIleProcessor.java[0m
2023.01.10 16:47:13 WARN  no build target for: /home/philip/rust-programming/design_patterns/behaviour/template_method_java/src/main/java/com/example/FIleProcessor.java[0m
2023.01.10 16:47:14 WARN  Running javac-semanticdb failed for file:///home/philip/rust-programming/design_patterns/behaviour/template_method_java/src/main/java/com/example/FIleProcessor.java. Output:
/home/philip/rust-programming/design_patterns/behaviour/template_method_java/src/main/java/com/example/FIleProcessor.java:7: error: repeated modifier
    public final void processFile(String fileName) { 
           ^
1 error[0m
2023.01.10 16:47:15 WARN  no build target for: /home/philip/rust-programming/design_patterns/behaviour/template_method_java/src/main/java/com/example/FIleProcessor.java[0m
2023.01.10 16:47:22 WARN  no build target for: /home/philip/rust-programming/design_patterns/behaviour/template_method_java/src/main/java/com/example/FIleProcessor.java[0m
2023.01.10 16:47:24 INFO  time: code lens generation in 1.36s[0m
2023.01.10 16:47:33 WARN  no build target for: /home/philip/rust-programming/design_patterns/behaviour/template_method_java/src/main/java/com/example/FIleProcessor.java[0m
2023.01.10 16:47:59 WARN  no build target for: /home/philip/rust-programming/design_patterns/behaviour/template_method_java/src/main/java/com/example/FIleProcessor.java[0m
2023.01.10 16:48:00 WARN  Running javac-semanticdb failed for file:///home/philip/rust-programming/design_patterns/behaviour/template_method_java/src/main/java/com/example/FIleProcessor.java. Output:
/home/philip/rust-programming/design_patterns/behaviour/template_method_java/src/main/java/com/example/FIleProcessor.java:16: error: <identifier> expected
        System.out.
                   ^
/home/philip/rust-programming/design_patterns/behaviour/template_method_java/src/main/java/com/example/FIleProcessor.java:16: error: not a statement
        System.out.
                  ^
2 errors[0m
2023.01.10 16:48:01 WARN  no build target for: /home/philip/rust-programming/design_patterns/behaviour/template_method_java/src/main/java/com/example/FIleProcessor.java[0m
2023.01.10 16:48:03 INFO  time: code lens generation in 1.12s[0m
2023.01.10 16:48:07 WARN  no build target for: /home/philip/rust-programming/design_patterns/behaviour/template_method_java/src/main/java/com/example/FIleProcessor.java[0m
2023.01.10 16:48:27 WARN  no build target for: /home/philip/rust-programming/design_patterns/behaviour/template_method_java/src/main/java/com/example/FIleProcessor.java[0m
2023.01.10 16:48:28 INFO  time: code lens generation in 1.1s[0m
2023.01.10 16:48:29 WARN  no build target for: /home/philip/rust-programming/design_patterns/behaviour/template_method_java/src/main/java/com/example/FIleProcessor.java[0m
2023.01.10 16:48:32 WARN  no build target for: /home/philip/rust-programming/design_patterns/behaviour/template_method_java/src/main/java/com/example/FIleProcessor.java[0m
2023.01.10 16:48:34 INFO  time: code lens generation in 1.64s[0m
2023.01.10 16:49:01 WARN  no build target for: /home/philip/rust-programming/design_patterns/behaviour/template_method_java/src/main/java/com/example/TrxtFile.java[0m
2023.01.10 16:49:02 WARN  no build target for: /home/philip/rust-programming/design_patterns/behaviour/template_method_java/src/main/java/com/example/TrxtFile.java[0m
2023.01.10 16:49:04 WARN  no build target for: /home/philip/rust-programming/design_patterns/behaviour/template_method_java/src/main/java/com/example/TrxtFile.java[0m
2023.01.10 16:49:08 WARN  no build target for: /home/philip/rust-programming/design_patterns/behaviour/template_method_java/src/main/java/com/example/TrxtFile.java[0m
2023.01.10 16:49:09 WARN  Running javac-semanticdb failed for file:///home/philip/rust-programming/design_patterns/behaviour/template_method_java/src/main/java/com/example/TrxtFile.java. Output:
/home/philip/rust-programming/design_patterns/behaviour/template_method_java/src/main/java/com/example/TrxtFile.java:3: error: illegal start of type
public class TrxtFile implements  {
                                  ^
1 error[0m
2023.01.10 16:49:14 WARN  no build target for: /home/philip/rust-programming/design_patterns/behaviour/template_method_java/src/main/java/com/example/TrxtFile.java[0m
2023.01.10 16:49:15 WARN  no build target for: /home/philip/rust-programming/design_patterns/behaviour/template_method_java/src/main/java/com/example/TrxtFile.java[0m
2023.01.10 16:49:16 INFO  time: code lens generation in 1.16s[0m
2023.01.10 16:49:16 INFO  time: code lens generation in 2.12s[0m
Jan 10, 2023 4:49:25 PM org.eclipse.lsp4j.jsonrpc.RemoteEndpoint handleCancellation
WARNING: Unmatched cancel notification for request id 467
2023.01.10 16:49:32 WARN  no build target for: /home/philip/rust-programming/design_patterns/behaviour/template_method_java/src/main/java/com/example/TrxtFile.java[0m
2023.01.10 16:49:49 WARN  no build target for: /home/philip/rust-programming/design_patterns/behaviour/template_method_java/src/main/java/com/example/TrxtFile.java[0m
2023.01.10 16:49:50 INFO  time: code lens generation in 1.13s[0m
2023.01.10 16:50:11 WARN  no build target for: /home/philip/rust-programming/design_patterns/behaviour/template_method_java/src/main/java/com/example/TextFile.java[0m
2023.01.10 16:50:13 INFO  time: code lens generation in 1.58s[0m
2023.01.10 16:50:29 WARN  no build target for: /home/philip/rust-programming/design_patterns/behaviour/template_method_java/src/main/java/com/example/TextFile.java[0m
2023.01.10 16:50:31 WARN  no build target for: /home/philip/rust-programming/design_patterns/behaviour/template_method_java/src/main/java/com/example/TextFile.java[0m
2023.01.10 16:50:49 WARN  no build target for: /home/philip/rust-programming/design_patterns/behaviour/template_method_java/src/main/java/com/example/TextFile.java[0m
2023.01.10 16:51:20 WARN  no build target for: /home/philip/rust-programming/design_patterns/behaviour/template_method_java/src/main/java/com/example/FIleProcessor.java[0m
2023.01.10 16:51:22 INFO  time: code lens generation in 1.75s[0m
Jan 10, 2023 4:51:23 PM org.eclipse.lsp4j.jsonrpc.RemoteEndpoint handleCancellation
WARNING: Unmatched cancel notification for request id 616
2023.01.10 16:51:27 WARN  no build target for: /home/philip/rust-programming/design_patterns/behaviour/template_method_java/src/main/java/com/example/FIleProcessor.java[0m
2023.01.10 16:51:49 WARN  no build target for: /home/philip/rust-programming/design_patterns/behaviour/template_method_java/src/main/java/com/example/TextFile.java[0m
2023.01.10 16:53:38 WARN  no build target for: /home/philip/rust-programming/design_patterns/behaviour/template_method_java/src/main/java/com/example/ImageFile.java[0m
2023.01.10 16:53:39 WARN  no build target for: /home/philip/rust-programming/design_patterns/behaviour/template_method_java/src/main/java/com/example/ImageFile.java[0m
2023.01.10 16:53:45 WARN  no build target for: /home/philip/rust-programming/design_patterns/behaviour/template_method_java/src/main/java/com/example/ImageFile.java[0m
2023.01.10 16:53:57 WARN  no build target for: /home/philip/rust-programming/design_patterns/behaviour/template_method_java/src/main/java/com/example/ImageFile.java[0m
2023.01.10 17:01:48 WARN  no build target for: /home/philip/rust-programming/design_patterns/behaviour/template_method_java/src/main/java/com/example/ImageFile.java[0m
2023.01.10 17:01:50 WARN  no build target for: /home/philip/rust-programming/design_patterns/behaviour/template_method_java/src/main/java/com/example/ImageFile.java[0m
2023.01.10 17:06:23 WARN  no build target for: /home/philip/rust-programming/design_patterns/behaviour/template_method_java/src/main/java/com/example/VideoFile.java[0m
2023.01.10 17:06:25 WARN  no build target for: /home/philip/rust-programming/design_patterns/behaviour/template_method_java/src/main/java/com/example/VideoFile.java[0m
2023.01.10 17:06:26 INFO  time: code lens generation in 1.72s[0m
2023.01.10 17:06:33 WARN  no build target for: /home/philip/rust-programming/design_patterns/behaviour/template_method_java/src/main/java/com/example/VideoFile.java[0m
2023.01.10 17:06:36 WARN  no build target for: /home/philip/rust-programming/design_patterns/behaviour/template_method_java/src/main/java/com/example/VideoFile.java[0m
2023.01.10 17:06:59 WARN  no build target for: /home/philip/rust-programming/design_patterns/behaviour/template_method_java/src/main/java/com/example/App.java[0m
2023.01.10 17:07:00 WARN  no build target for: /home/philip/rust-programming/design_patterns/behaviour/template_method_java/src/main/java/com/example/App.java[0m
2023.01.10 17:07:03 WARN  no build target for: /home/philip/rust-programming/design_patterns/behaviour/template_method_java/src/main/java/com/example/App.java[0m
2023.01.10 17:07:05 WARN  no build target for: /home/philip/rust-programming/design_patterns/behaviour/template_method_java/src/main/java/com/example/App.java[0m
2023.01.10 17:07:13 WARN  no build target for: /home/philip/rust-programming/design_patterns/behaviour/template_method_java/src/main/java/com/example/App.java[0m
2023.01.10 17:07:13 WARN  Running javac-semanticdb failed for file:///home/philip/rust-programming/design_patterns/behaviour/template_method_java/src/main/java/com/example/App.java. Output:
/home/philip/rust-programming/design_patterns/behaviour/template_method_java/src/main/java/com/example/App.java:8: error: <identifier> expected
    FIleProcessor 
                 ^
1 error[0m
2023.01.10 17:07:16 WARN  no build target for: /home/philip/rust-programming/design_patterns/behaviour/template_method_java/src/main/java/com/example/App.java[0m
2023.01.10 17:07:18 WARN  Running javac-semanticdb failed for file:///home/philip/rust-programming/design_patterns/behaviour/template_method_java/src/main/java/com/example/App.java. Output:
/home/philip/rust-programming/design_patterns/behaviour/template_method_java/src/main/java/com/example/App.java:8: error: <identifier> expected
    FIleProcessor textFile = new 
                                ^
/home/philip/rust-programming/design_patterns/behaviour/template_method_java/src/main/java/com/example/App.java:10: error: '(' or '[' expected
    public static void main( String[] args ) {
    ^
2 errors[0m
2023.01.10 17:07:18 INFO  time: code lens generation in 1.13s[0m
2023.01.10 17:07:19 WARN  no build target for: /home/philip/rust-programming/design_patterns/behaviour/template_method_java/src/main/java/com/example/App.java[0m
2023.01.10 17:07:21 WARN  no build target for: /home/philip/rust-programming/design_patterns/behaviour/template_method_java/src/main/java/com/example/App.java[0m
2023.01.10 17:07:22 WARN  Running javac-semanticdb failed for file:///home/philip/rust-programming/design_patterns/behaviour/template_method_java/src/main/java/com/example/App.java. Output:
/home/philip/rust-programming/design_patterns/behaviour/template_method_java/src/main/java/com/example/App.java:10: error: '(' or '[' expected
    public static void main( String[] args ) {
    ^
1 error[0m
2023.01.10 17:07:23 WARN  no build target for: /home/philip/rust-programming/design_patterns/behaviour/template_method_java/src/main/java/com/example/App.java[0m
2023.01.10 17:07:33 WARN  no build target for: /home/philip/rust-programming/design_patterns/behaviour/template_method_java/src/main/java/com/example/App.java[0m
2023.01.10 17:07:38 WARN  no build target for: /home/philip/rust-programming/design_patterns/behaviour/template_method_java/src/main/java/com/example/App.java[0m
Jan 10, 2023 5:07:38 PM org.eclipse.lsp4j.jsonrpc.RemoteEndpoint handleCancellation
WARNING: Unmatched cancel notification for request id 899
2023.01.10 17:07:40 WARN  no build target for: /home/philip/rust-programming/design_patterns/behaviour/template_method_java/src/main/java/com/example/App.java[0m
2023.01.10 17:07:51 WARN  no build target for: /home/philip/rust-programming/design_patterns/behaviour/template_method_java/src/main/java/com/example/App.java[0m
2023.01.10 17:07:52 WARN  Running javac-semanticdb failed for file:///home/philip/rust-programming/design_patterns/behaviour/template_method_java/src/main/java/com/example/App.java. Output:
/home/philip/rust-programming/design_patterns/behaviour/template_method_java/src/main/java/com/example/App.java:15: error: ';' expected
        System.out.println( "Hello World!" );
              ^
1 error[0m
2023.01.10 17:07:53 WARN  no build target for: /home/philip/rust-programming/design_patterns/behaviour/template_method_java/src/main/java/com/example/App.java[0m
2023.01.10 17:07:53 WARN  Running javac-semanticdb failed for file:///home/philip/rust-programming/design_patterns/behaviour/template_method_java/src/main/java/com/example/App.java. Output:
/home/philip/rust-programming/design_patterns/behaviour/template_method_java/src/main/java/com/example/App.java:15: error: ';' expected
        System.out.println( "Hello World!" );
              ^
1 error[0m
2023.01.10 17:07:55 WARN  no build target for: /home/philip/rust-programming/design_patterns/behaviour/template_method_java/src/main/java/com/example/App.java[0m
Jan 10, 2023 5:07:56 PM org.eclipse.lsp4j.jsonrpc.RemoteEndpoint handleCancellation
WARNING: Unmatched cancel notification for request id 953
2023.01.10 17:07:56 WARN  no build target for: /home/philip/rust-programming/design_patterns/behaviour/template_method_java/src/main/java/com/example/App.java[0m
Jan 10, 2023 5:07:56 PM org.eclipse.lsp4j.jsonrpc.RemoteEndpoint handleCancellation
WARNING: Unmatched cancel notification for request id 954
Jan 10, 2023 5:07:56 PM org.eclipse.lsp4j.jsonrpc.RemoteEndpoint handleCancellation
WARNING: Unmatched cancel notification for request id 956
2023.01.10 17:07:57 WARN  no build target for: /home/philip/rust-programming/design_patterns/behaviour/template_method_java/src/main/java/com/example/App.java[0m
2023.01.10 17:07:57 WARN  Running javac-semanticdb failed for file:///home/philip/rust-programming/design_patterns/behaviour/template_method_java/src/main/java/com/example/App.java. Output:
/home/philip/rust-programming/design_patterns/behaviour/template_method_java/src/main/java/com/example/App.java:8: error: <identifier> expected
     textFile = new TextFile();
             ^
1 error[0m
2023.01.10 17:08:00 WARN  no build target for: /home/philip/rust-programming/design_patterns/behaviour/template_method_java/src/main/java/com/example/App.java[0m
2023.01.10 17:08:01 WARN  Running javac-semanticdb failed for file:///home/philip/rust-programming/design_patterns/behaviour/template_method_java/src/main/java/com/example/App.java. Output:
/home/philip/rust-programming/design_patterns/behaviour/template_method_java/src/main/java/com/example/App.java:9: error: <identifier> expected
     videoFile = new VideoFile();
              ^
1 error[0m
2023.01.10 17:08:02 WARN  no build target for: /home/philip/rust-programming/design_patterns/behaviour/template_method_java/src/main/java/com/example/App.java[0m
2023.01.10 17:08:06 WARN  no build target for: /home/philip/rust-programming/design_patterns/behaviour/template_method_java/src/main/java/com/example/App.java[0m
2023.01.10 17:08:08 WARN  no build target for: /home/philip/rust-programming/design_patterns/behaviour/template_method_java/src/main/java/com/example/App.java[0m
2023.01.10 17:08:12 WARN  no build target for: /home/philip/rust-programming/design_patterns/behaviour/template_method_java/src/main/java/com/example/App.java[0m
2023.01.10 17:08:13 WARN  no build target for: /home/philip/rust-programming/design_patterns/behaviour/template_method_java/src/main/java/com/example/App.java[0m
2023.01.10 17:08:18 WARN  no build target for: /home/philip/rust-programming/design_patterns/behaviour/template_method_java/src/main/java/com/example/App.java[0m
2023.01.10 17:08:20 INFO  time: code lens generation in 1.09s[0m
2023.01.10 17:08:21 WARN  no build target for: /home/philip/rust-programming/design_patterns/behaviour/template_method_java/src/main/java/com/example/App.java[0m
2023.01.10 17:08:22 INFO  time: code lens generation in 1.18s[0m
2023.01.10 17:08:22 WARN  no build target for: /home/philip/rust-programming/design_patterns/behaviour/template_method_java/src/main/java/com/example/App.java[0m
Jan 10, 2023 5:08:22 PM org.eclipse.lsp4j.jsonrpc.RemoteEndpoint handleCancellation
WARNING: Unmatched cancel notification for request id 1060
2023.01.10 17:08:22 WARN  no build target for: /home/philip/rust-programming/design_patterns/behaviour/template_method_java/src/main/java/com/example/App.java[0m
2023.01.10 17:08:49 WARN  no build target for: /home/philip/rust-programming/design_patterns/behaviour/template_method_java/src/main/java/com/example/App.java[0m
2023.01.10 17:09:17 WARN  no build target for: /home/philip/rust-programming/design_patterns/behaviour/template_method_java/src/main/java/com/example/App.java[0m
2023.01.10 17:09:20 WARN  no build target for: /home/philip/rust-programming/design_patterns/behaviour/template_method_java/src/main/java/com/example/App.java[0m
2023.01.10 17:09:38 WARN  no build target for: /home/philip/rust-programming/design_patterns/behaviour/template_method_java/src/main/java/com/example/App.java[0m
2023.01.10 17:09:41 WARN  no build target for: /home/philip/rust-programming/design_patterns/behaviour/template_method_java/src/main/java/com/example/App.java[0m
2023.01.10 17:10:04 WARN  no build target for: /home/philip/rust-programming/design_patterns/behaviour/template_method_java/src/main/java/com/example/App.java[0m
2023.01.10 17:10:06 WARN  no build target for: /home/philip/rust-programming/design_patterns/behaviour/template_method_java/src/main/java/com/example/App.java[0m
2023.01.10 17:10:16 WARN  no build target for: /home/philip/rust-programming/design_patterns/behaviour/template_method_java/src/main/java/com/example/App.java[0m
2023.01.10 17:10:49 WARN  no build target for: /home/philip/rust-programming/design_patterns/behaviour/template_method_java/src/main/java/com/example/App.java[0m
Jan 10, 2023 5:10:52 PM org.eclipse.lsp4j.jsonrpc.RemoteEndpoint handleCancellation
WARNING: Unmatched cancel notification for request id 1272
2023.01.10 17:10:59 WARN  no build target for: /home/philip/rust-programming/design_patterns/behaviour/template_method_java/src/main/java/com/example/App.java[0m
2023.01.10 17:11:03 WARN  no build target for: /home/philip/rust-programming/design_patterns/behaviour/template_method_java/src/main/java/com/example/App.java[0m
2023.01.10 17:11:08 WARN  no build target for: /home/philip/rust-programming/design_patterns/behaviour/template_method_java/src/main/java/com/example/App.java[0m
2023.01.10 17:11:09 WARN  no build target for: /home/philip/rust-programming/design_patterns/behaviour/template_method_java/src/main/java/com/example/App.java[0m
2023.01.10 17:11:11 WARN  no build target for: /home/philip/rust-programming/design_patterns/behaviour/template_method_java/src/main/java/com/example/App.java[0m
2023.01.10 17:11:20 WARN  no build target for: /home/philip/rust-programming/design_patterns/behaviour/template_method_java/src/main/java/com/example/App.java[0m
2023.01.10 17:11:21 INFO  time: code lens generation in 1.36s[0m
2023.01.10 17:11:23 WARN  no build target for: /home/philip/rust-programming/design_patterns/behaviour/template_method_java/src/main/java/com/example/App.java[0m
2023.01.10 17:11:26 WARN  no build target for: /home/philip/rust-programming/design_patterns/behaviour/template_method_java/src/main/java/com/example/App.java[0m
2023.01.10 17:11:29 WARN  no build target for: /home/philip/rust-programming/design_patterns/behaviour/template_method_java/src/main/java/com/example/App.java[0m
2023.01.10 17:11:30 WARN  no build target for: /home/philip/rust-programming/design_patterns/behaviour/template_method_java/src/main/java/com/example/App.java[0m
2023.01.10 17:11:32 WARN  no build target for: /home/philip/rust-programming/design_patterns/behaviour/template_method_java/src/main/java/com/example/App.java[0m
2023.01.10 17:11:34 WARN  no build target for: /home/philip/rust-programming/design_patterns/behaviour/template_method_java/src/main/java/com/example/App.java[0m
2023.01.10 17:11:40 WARN  no build target for: /home/philip/rust-programming/design_patterns/behaviour/template_method_java/src/main/java/com/example/App.java[0m
2023.01.10 17:11:45 WARN  no build target for: /home/philip/rust-programming/design_patterns/behaviour/template_method_java/src/main/java/com/example/App.java[0m
2023.01.10 17:11:47 WARN  no build target for: /home/philip/rust-programming/design_patterns/behaviour/template_method_java/src/main/java/com/example/App.java[0m
2023.01.10 17:12:01 WARN  no build target for: /home/philip/rust-programming/design_patterns/behaviour/template_method_java/src/main/java/com/example/App.java[0m
2023.01.10 17:12:15 WARN  no build target for: /home/philip/rust-programming/design_patterns/behaviour/template_method_java/src/main/java/com/example/App.java[0m
2023.01.10 17:12:18 WARN  no build target for: /home/philip/rust-programming/design_patterns/behaviour/template_method_java/src/main/java/com/example/App.java[0m
2023.01.10 17:12:19 INFO  time: code lens generation in 1.04s[0m
2023.01.10 17:12:25 WARN  no build target for: /home/philip/rust-programming/design_patterns/behaviour/template_method_java/src/main/java/com/example/App.java[0m
2023.01.10 17:20:41 WARN  no build target for: /home/philip/rust-programming/design_patterns/behaviour/template_method_java/src/main/java/com/example/App.java[0m
2023.01.10 17:21:18 WARN  no build target for: /home/philip/rust-programming/design_patterns/behaviour/template_method_java/src/main/java/com/example/App.java[0m
